2022-10-16 10:26:00.211  INFO 13652 --- [restartedMain] .p.B.BookingManagementServiceApplication : Starting BookingManagementServiceApplication using Java 15.0.1 on DESKTOP-4DGDQVK with PID 13652 (D:\MicrosevicesApp\Project\BookingManagementService\target\classes started by Doomsday in D:\MicrosevicesApp\Project\BookingManagementService)
2022-10-16 10:26:00.262  INFO 13652 --- [restartedMain] .p.B.BookingManagementServiceApplication : No active profile set, falling back to 1 default profile: "default"
2022-10-16 10:26:00.625  INFO 13652 --- [restartedMain] .e.DevToolsPropertyDefaultsPostProcessor : Devtools property defaults active! Set 'spring.devtools.add-properties' to 'false' to disable
2022-10-16 10:26:00.626  INFO 13652 --- [restartedMain] .e.DevToolsPropertyDefaultsPostProcessor : For additional web related logging consider setting the 'logging.level.web' property to 'DEBUG'
2022-10-16 10:26:06.419  INFO 13652 --- [restartedMain] .s.d.r.c.RepositoryConfigurationDelegate : Bootstrapping Spring Data MongoDB repositories in DEFAULT mode.
2022-10-16 10:26:08.734  INFO 13652 --- [restartedMain] .s.d.r.c.RepositoryConfigurationDelegate : Finished Spring Data repository scanning in 2301 ms. Found 1 MongoDB repository interfaces.
2022-10-16 10:26:10.399  INFO 13652 --- [restartedMain] o.s.cloud.context.scope.GenericScope     : BeanFactory id=24b5d1bb-2a91-36ce-86af-9320ca0da21d
2022-10-16 10:26:13.057  INFO 13652 --- [restartedMain] o.s.b.w.embedded.tomcat.TomcatWebServer  : Tomcat initialized with port(s): 8075 (http)
2022-10-16 10:26:13.092  INFO 13652 --- [restartedMain] o.apache.catalina.core.StandardService   : Starting service [Tomcat]
2022-10-16 10:26:13.093  INFO 13652 --- [restartedMain] org.apache.catalina.core.StandardEngine  : Starting Servlet engine: [Apache Tomcat/9.0.65]
2022-10-16 10:26:13.590  INFO 13652 --- [restartedMain] o.a.c.c.C.[Tomcat].[localhost].[/]       : Initializing Spring embedded WebApplicationContext
2022-10-16 10:26:15.435  INFO 13652 --- [restartedMain] w.s.c.ServletWebServerApplicationContext : Root WebApplicationContext: initialization completed in 14777 ms
2022-10-16 10:26:17.511  INFO 13652 --- [cluster-ClusterId{value='634b8ef196019f151f76d6b6', description='null'}-srv-cluster0.aloxi4w.mongodb.net] org.mongodb.driver.cluster               : Adding discovered server ac-g1o6n6r-shard-00-01.aloxi4w.mongodb.net:27017 to client view of cluster
2022-10-16 10:26:17.585  INFO 13652 --- [restartedMain] org.mongodb.driver.client                : MongoClient with metadata {"driver": {"name": "mongo-java-driver|sync|spring-boot", "version": "4.6.1"}, "os": {"type": "Windows", "name": "Windows 10", "architecture": "amd64", "version": "10.0"}, "platform": "Java/Oracle Corporation/15.0.1+9-18"} created with settings MongoClientSettings{readPreference=primary, writeConcern=WriteConcern{w=majority, wTimeout=null ms, journal=null}, retryWrites=true, retryReads=true, readConcern=ReadConcern{level=null}, credential=MongoCredential{mechanism=null, userName='Saathvik', source='admin', password=<hidden>, mechanismProperties=<hidden>}, streamFactoryFactory=null, commandListeners=[], codecRegistry=ProvidersCodecRegistry{codecProviders=[ValueCodecProvider{}, BsonValueCodecProvider{}, DBRefCodecProvider{}, DBObjectCodecProvider{}, DocumentCodecProvider{}, IterableCodecProvider{}, MapCodecProvider{}, GeoJsonCodecProvider{}, GridFSFileCodecProvider{}, Jsr310CodecProvider{}, JsonObjectCodecProvider{}, BsonCodecProvider{}, EnumCodecProvider{}, com.mongodb.Jep395RecordCodecProvider@7223fa22]}, clusterSettings={hosts=[127.0.0.1:27017], srvHost=cluster0.aloxi4w.mongodb.net, srvServiceName=mongodb, mode=MULTIPLE, requiredClusterType=REPLICA_SET, requiredReplicaSetName='atlas-qmiuy4-shard-0', serverSelector='null', clusterListeners='[]', serverSelectionTimeout='30000 ms', localThreshold='30000 ms'}, socketSettings=SocketSettings{connectTimeoutMS=10000, readTimeoutMS=0, receiveBufferSize=0, sendBufferSize=0}, heartbeatSocketSettings=SocketSettings{connectTimeoutMS=10000, readTimeoutMS=10000, receiveBufferSize=0, sendBufferSize=0}, connectionPoolSettings=ConnectionPoolSettings{maxSize=100, minSize=0, maxWaitTimeMS=120000, maxConnectionLifeTimeMS=0, maxConnectionIdleTimeMS=0, maintenanceInitialDelayMS=0, maintenanceFrequencyMS=60000, connectionPoolListeners=[], maxConnecting=2}, serverSettings=ServerSettings{heartbeatFrequencyMS=10000, minHeartbeatFrequencyMS=500, serverListeners='[]', serverMonitorListeners='[]'}, sslSettings=SslSettings{enabled=true, invalidHostNameAllowed=false, context=null}, applicationName='null', compressorList=[], uuidRepresentation=JAVA_LEGACY, serverApi=null, autoEncryptionSettings=null, contextProvider=null}
2022-10-16 10:26:17.594  INFO 13652 --- [cluster-ClusterId{value='634b8ef196019f151f76d6b6', description='null'}-srv-cluster0.aloxi4w.mongodb.net] org.mongodb.driver.cluster               : Adding discovered server ac-g1o6n6r-shard-00-02.aloxi4w.mongodb.net:27017 to client view of cluster
2022-10-16 10:26:17.599  INFO 13652 --- [cluster-ClusterId{value='634b8ef196019f151f76d6b6', description='null'}-srv-cluster0.aloxi4w.mongodb.net] org.mongodb.driver.cluster               : Adding discovered server ac-g1o6n6r-shard-00-00.aloxi4w.mongodb.net:27017 to client view of cluster
2022-10-16 10:26:18.081  WARN 13652 --- [restartedMain] o.s.data.convert.CustomConversions       : Registering converter from class java.time.LocalDateTime to class org.joda.time.LocalDateTime as reading converter although it doesn't convert from a store-supported type; You might want to check your annotation setup at the converter implementation
2022-10-16 10:26:19.228  WARN 13652 --- [restartedMain] o.s.b.d.a.OptionalLiveReloadServer       : Unable to start LiveReload server
2022-10-16 10:26:19.242  INFO 13652 --- [cluster-rtt-ClusterId{value='634b8ef196019f151f76d6b6', description='null'}-ac-g1o6n6r-shard-00-02.aloxi4w.mongodb.net:27017] org.mongodb.driver.connection            : Opened connection [connectionId{localValue:3, serverValue:19283}] to ac-g1o6n6r-shard-00-02.aloxi4w.mongodb.net:27017
2022-10-16 10:26:19.242  INFO 13652 --- [cluster-ClusterId{value='634b8ef196019f151f76d6b6', description='null'}-ac-g1o6n6r-shard-00-00.aloxi4w.mongodb.net:27017] org.mongodb.driver.connection            : Opened connection [connectionId{localValue:5, serverValue:19847}] to ac-g1o6n6r-shard-00-00.aloxi4w.mongodb.net:27017
2022-10-16 10:26:19.242  INFO 13652 --- [cluster-ClusterId{value='634b8ef196019f151f76d6b6', description='null'}-ac-g1o6n6r-shard-00-02.aloxi4w.mongodb.net:27017] org.mongodb.driver.connection            : Opened connection [connectionId{localValue:2, serverValue:19278}] to ac-g1o6n6r-shard-00-02.aloxi4w.mongodb.net:27017
2022-10-16 10:26:19.242  INFO 13652 --- [cluster-rtt-ClusterId{value='634b8ef196019f151f76d6b6', description='null'}-ac-g1o6n6r-shard-00-01.aloxi4w.mongodb.net:27017] org.mongodb.driver.connection            : Opened connection [connectionId{localValue:4, serverValue:21018}] to ac-g1o6n6r-shard-00-01.aloxi4w.mongodb.net:27017
2022-10-16 10:26:19.242  INFO 13652 --- [cluster-rtt-ClusterId{value='634b8ef196019f151f76d6b6', description='null'}-ac-g1o6n6r-shard-00-00.aloxi4w.mongodb.net:27017] org.mongodb.driver.connection            : Opened connection [connectionId{localValue:6, serverValue:19836}] to ac-g1o6n6r-shard-00-00.aloxi4w.mongodb.net:27017
2022-10-16 10:26:19.244  INFO 13652 --- [cluster-ClusterId{value='634b8ef196019f151f76d6b6', description='null'}-ac-g1o6n6r-shard-00-02.aloxi4w.mongodb.net:27017] org.mongodb.driver.cluster               : Monitor thread successfully connected to server with description ServerDescription{address=ac-g1o6n6r-shard-00-02.aloxi4w.mongodb.net:27017, type=REPLICA_SET_SECONDARY, state=CONNECTED, ok=true, minWireVersion=0, maxWireVersion=13, maxDocumentSize=16777216, logicalSessionTimeoutMinutes=30, roundTripTimeNanos=913367800, setName='atlas-qmiuy4-shard-0', canonicalAddress=ac-g1o6n6r-shard-00-02.aloxi4w.mongodb.net:27017, hosts=[ac-g1o6n6r-shard-00-01.aloxi4w.mongodb.net:27017, ac-g1o6n6r-shard-00-02.aloxi4w.mongodb.net:27017, ac-g1o6n6r-shard-00-00.aloxi4w.mongodb.net:27017], passives=[], arbiters=[], primary='ac-g1o6n6r-shard-00-01.aloxi4w.mongodb.net:27017', tagSet=TagSet{[Tag{name='nodeType', value='ELECTABLE'}, Tag{name='provider', value='AWS'}, Tag{name='region', value='AP_SOUTH_1'}, Tag{name='workloadType', value='OPERATIONAL'}]}, electionId=null, setVersion=3, topologyVersion=TopologyVersion{processId=634a963d4bfe4c785ff97102, counter=3}, lastWriteDate=Sun Oct 16 10:26:19 IST 2022, lastUpdateTimeNanos=129655462301200}
2022-10-16 10:26:19.244  INFO 13652 --- [cluster-ClusterId{value='634b8ef196019f151f76d6b6', description='null'}-ac-g1o6n6r-shard-00-00.aloxi4w.mongodb.net:27017] org.mongodb.driver.cluster               : Monitor thread successfully connected to server with description ServerDescription{address=ac-g1o6n6r-shard-00-00.aloxi4w.mongodb.net:27017, type=REPLICA_SET_SECONDARY, state=CONNECTED, ok=true, minWireVersion=0, maxWireVersion=13, maxDocumentSize=16777216, logicalSessionTimeoutMinutes=30, roundTripTimeNanos=899490900, setName='atlas-qmiuy4-shard-0', canonicalAddress=ac-g1o6n6r-shard-00-00.aloxi4w.mongodb.net:27017, hosts=[ac-g1o6n6r-shard-00-01.aloxi4w.mongodb.net:27017, ac-g1o6n6r-shard-00-02.aloxi4w.mongodb.net:27017, ac-g1o6n6r-shard-00-00.aloxi4w.mongodb.net:27017], passives=[], arbiters=[], primary='ac-g1o6n6r-shard-00-01.aloxi4w.mongodb.net:27017', tagSet=TagSet{[Tag{name='nodeType', value='ELECTABLE'}, Tag{name='provider', value='AWS'}, Tag{name='region', value='AP_SOUTH_1'}, Tag{name='workloadType', value='OPERATIONAL'}]}, electionId=null, setVersion=3, topologyVersion=TopologyVersion{processId=634a909592bd6c6fef6bf6c8, counter=4}, lastWriteDate=Sun Oct 16 10:26:19 IST 2022, lastUpdateTimeNanos=129655462301100}
2022-10-16 10:26:19.252  INFO 13652 --- [cluster-ClusterId{value='634b8ef196019f151f76d6b6', description='null'}-ac-g1o6n6r-shard-00-01.aloxi4w.mongodb.net:27017] org.mongodb.driver.connection            : Opened connection [connectionId{localValue:1, serverValue:21266}] to ac-g1o6n6r-shard-00-01.aloxi4w.mongodb.net:27017
2022-10-16 10:26:19.253  INFO 13652 --- [cluster-ClusterId{value='634b8ef196019f151f76d6b6', description='null'}-ac-g1o6n6r-shard-00-01.aloxi4w.mongodb.net:27017] org.mongodb.driver.cluster               : Monitor thread successfully connected to server with description ServerDescription{address=ac-g1o6n6r-shard-00-01.aloxi4w.mongodb.net:27017, type=REPLICA_SET_PRIMARY, state=CONNECTED, ok=true, minWireVersion=0, maxWireVersion=13, maxDocumentSize=16777216, logicalSessionTimeoutMinutes=30, roundTripTimeNanos=911525700, setName='atlas-qmiuy4-shard-0', canonicalAddress=ac-g1o6n6r-shard-00-01.aloxi4w.mongodb.net:27017, hosts=[ac-g1o6n6r-shard-00-01.aloxi4w.mongodb.net:27017, ac-g1o6n6r-shard-00-02.aloxi4w.mongodb.net:27017, ac-g1o6n6r-shard-00-00.aloxi4w.mongodb.net:27017], passives=[], arbiters=[], primary='ac-g1o6n6r-shard-00-01.aloxi4w.mongodb.net:27017', tagSet=TagSet{[Tag{name='nodeType', value='ELECTABLE'}, Tag{name='provider', value='AWS'}, Tag{name='region', value='AP_SOUTH_1'}, Tag{name='workloadType', value='OPERATIONAL'}]}, electionId=7fffffff0000000000000075, setVersion=3, topologyVersion=TopologyVersion{processId=634a91c89cef5894233e3b0f, counter=6}, lastWriteDate=Sun Oct 16 10:26:19 IST 2022, lastUpdateTimeNanos=129655474496500}
2022-10-16 10:26:19.255  INFO 13652 --- [cluster-ClusterId{value='634b8ef196019f151f76d6b6', description='null'}-ac-g1o6n6r-shard-00-01.aloxi4w.mongodb.net:27017] org.mongodb.driver.cluster               : Setting max election id to 7fffffff0000000000000075 from replica set primary ac-g1o6n6r-shard-00-01.aloxi4w.mongodb.net:27017
2022-10-16 10:26:19.256  INFO 13652 --- [cluster-ClusterId{value='634b8ef196019f151f76d6b6', description='null'}-ac-g1o6n6r-shard-00-01.aloxi4w.mongodb.net:27017] org.mongodb.driver.cluster               : Setting max set version to 3 from replica set primary ac-g1o6n6r-shard-00-01.aloxi4w.mongodb.net:27017
2022-10-16 10:26:19.257  INFO 13652 --- [cluster-ClusterId{value='634b8ef196019f151f76d6b6', description='null'}-ac-g1o6n6r-shard-00-01.aloxi4w.mongodb.net:27017] org.mongodb.driver.cluster               : Discovered replica set primary ac-g1o6n6r-shard-00-01.aloxi4w.mongodb.net:27017
2022-10-16 10:26:19.584  WARN 13652 --- [restartedMain] o.s.data.convert.CustomConversions       : Registering converter from class java.time.LocalDateTime to class org.joda.time.LocalDateTime as reading converter although it doesn't convert from a store-supported type; You might want to check your annotation setup at the converter implementation
2022-10-16 10:26:23.584  INFO 13652 --- [restartedMain] pertySourcedRequestMappingHandlerMapping : Mapped URL path [/v2/api-docs] onto method [springfox.documentation.swagger2.web.Swagger2Controller#getDocumentation(String, HttpServletRequest)]
2022-10-16 10:26:25.074  INFO 13652 --- [restartedMain] DiscoveryClientOptionalArgsConfiguration : Eureka HTTP Client uses RestTemplate.
2022-10-16 10:26:25.715  WARN 13652 --- [restartedMain] iguration$LoadBalancerCaffeineWarnLogger : Spring Cloud LoadBalancer is currently working with the default cache. While this cache implementation is useful for development and tests, it's recommended to use Caffeine cache in production.You can switch to using Caffeine cache, by adding it and org.springframework.cache.caffeine.CaffeineCacheManager to the classpath.
2022-10-16 10:26:26.059  INFO 13652 --- [restartedMain] o.s.c.n.eureka.InstanceInfoFactory       : Setting initial instance status as: STARTING
2022-10-16 10:26:26.673  INFO 13652 --- [restartedMain] com.netflix.discovery.DiscoveryClient    : Initializing Eureka in region us-east-1
2022-10-16 10:26:26.701  INFO 13652 --- [restartedMain] c.n.d.s.r.aws.ConfigClusterResolver      : Resolving eureka endpoints via configuration
2022-10-16 10:26:26.814  INFO 13652 --- [restartedMain] com.netflix.discovery.DiscoveryClient    : Disable delta property : false
2022-10-16 10:26:26.815  INFO 13652 --- [restartedMain] com.netflix.discovery.DiscoveryClient    : Single vip registry refresh property : null
2022-10-16 10:26:26.815  INFO 13652 --- [restartedMain] com.netflix.discovery.DiscoveryClient    : Force full registry fetch : false
2022-10-16 10:26:26.815  INFO 13652 --- [restartedMain] com.netflix.discovery.DiscoveryClient    : Application is null : false
2022-10-16 10:26:26.815  INFO 13652 --- [restartedMain] com.netflix.discovery.DiscoveryClient    : Registered Applications size is zero : true
2022-10-16 10:26:26.816  INFO 13652 --- [restartedMain] com.netflix.discovery.DiscoveryClient    : Application version is -1: true
2022-10-16 10:26:26.817  INFO 13652 --- [restartedMain] com.netflix.discovery.DiscoveryClient    : Getting all instance registry info from the eureka server
2022-10-16 10:26:28.080  INFO 13652 --- [restartedMain] com.netflix.discovery.DiscoveryClient    : The response status is 200
2022-10-16 10:26:29.071  INFO 13652 --- [restartedMain] com.netflix.discovery.DiscoveryClient    : Starting heartbeat executor: renew interval is: 30
2022-10-16 10:26:29.081  INFO 13652 --- [restartedMain] c.n.discovery.InstanceInfoReplicator     : InstanceInfoReplicator onDemand update allowed rate per min is 4
2022-10-16 10:26:29.109  INFO 13652 --- [restartedMain] com.netflix.discovery.DiscoveryClient    : Discovery Client initialized at timestamp 1665896189106 with initial instances count: 3
2022-10-16 10:26:29.137  INFO 13652 --- [restartedMain] o.s.c.n.e.s.EurekaServiceRegistry        : Registering application BOOKING-MANAGEMENT-SERVICE with eureka with status UP
2022-10-16 10:26:29.141  INFO 13652 --- [restartedMain] com.netflix.discovery.DiscoveryClient    : Saw local status change event StatusChangeEvent [timestamp=1665896189141, current=UP, previous=STARTING]
2022-10-16 10:26:29.148  INFO 13652 --- [DiscoveryClient-InstanceInfoReplicator-0] com.netflix.discovery.DiscoveryClient    : DiscoveryClient_BOOKING-MANAGEMENT-SERVICE/DESKTOP-4DGDQVK:Booking-management-service:8075: registering service...
2022-10-16 10:26:29.347  INFO 13652 --- [restartedMain] o.s.b.w.embedded.tomcat.TomcatWebServer  : Tomcat started on port(s): 8075 (http) with context path ''
2022-10-16 10:26:29.349  INFO 13652 --- [restartedMain] .s.c.n.e.s.EurekaAutoServiceRegistration : Updating port to 8075
2022-10-16 10:26:29.483  INFO 13652 --- [DiscoveryClient-InstanceInfoReplicator-0] com.netflix.discovery.DiscoveryClient    : DiscoveryClient_BOOKING-MANAGEMENT-SERVICE/DESKTOP-4DGDQVK:Booking-management-service:8075 - registration status: 204
2022-10-16 10:26:29.719  INFO 13652 --- [restartedMain] d.s.w.p.DocumentationPluginsBootstrapper : Context refreshed
2022-10-16 10:26:29.768  INFO 13652 --- [restartedMain] d.s.w.p.DocumentationPluginsBootstrapper : Found 1 custom documentation plugin(s)
2022-10-16 10:26:29.891  INFO 13652 --- [restartedMain] s.d.s.w.s.ApiListingReferenceScanner     : Scanning for api listing references
2022-10-16 10:26:30.472  INFO 13652 --- [restartedMain] .p.B.BookingManagementServiceApplication : Started BookingManagementServiceApplication in 34.285 seconds (JVM running for 43.514)
2022-10-16 10:31:26.831  INFO 13652 --- [AsyncResolver-bootstrap-executor-0] c.n.d.s.r.aws.ConfigClusterResolver      : Resolving eureka endpoints via configuration
2022-10-16 10:36:26.845  INFO 13652 --- [AsyncResolver-bootstrap-executor-0] c.n.d.s.r.aws.ConfigClusterResolver      : Resolving eureka endpoints via configuration
2022-10-16 10:41:26.850  INFO 13652 --- [AsyncResolver-bootstrap-executor-0] c.n.d.s.r.aws.ConfigClusterResolver      : Resolving eureka endpoints via configuration
2022-10-16 10:46:26.861  INFO 13652 --- [AsyncResolver-bootstrap-executor-0] c.n.d.s.r.aws.ConfigClusterResolver      : Resolving eureka endpoints via configuration
2022-10-16 10:51:26.876  INFO 13652 --- [AsyncResolver-bootstrap-executor-0] c.n.d.s.r.aws.ConfigClusterResolver      : Resolving eureka endpoints via configuration
2022-10-16 10:56:26.879  INFO 13652 --- [AsyncResolver-bootstrap-executor-0] c.n.d.s.r.aws.ConfigClusterResolver      : Resolving eureka endpoints via configuration
2022-10-16 11:01:26.892  INFO 13652 --- [AsyncResolver-bootstrap-executor-0] c.n.d.s.r.aws.ConfigClusterResolver      : Resolving eureka endpoints via configuration
2022-10-16 11:06:26.906  INFO 13652 --- [AsyncResolver-bootstrap-executor-0] c.n.d.s.r.aws.ConfigClusterResolver      : Resolving eureka endpoints via configuration
2022-10-16 11:11:26.907  INFO 13652 --- [AsyncResolver-bootstrap-executor-0] c.n.d.s.r.aws.ConfigClusterResolver      : Resolving eureka endpoints via configuration
2022-10-16 11:16:26.914  INFO 13652 --- [AsyncResolver-bootstrap-executor-0] c.n.d.s.r.aws.ConfigClusterResolver      : Resolving eureka endpoints via configuration
2022-10-16 11:21:26.923  INFO 13652 --- [AsyncResolver-bootstrap-executor-0] c.n.d.s.r.aws.ConfigClusterResolver      : Resolving eureka endpoints via configuration
2022-10-16 11:26:26.932  INFO 13652 --- [AsyncResolver-bootstrap-executor-0] c.n.d.s.r.aws.ConfigClusterResolver      : Resolving eureka endpoints via configuration
2022-10-16 11:31:26.942  INFO 13652 --- [AsyncResolver-bootstrap-executor-0] c.n.d.s.r.aws.ConfigClusterResolver      : Resolving eureka endpoints via configuration
2022-10-16 11:36:26.947  INFO 13652 --- [AsyncResolver-bootstrap-executor-0] c.n.d.s.r.aws.ConfigClusterResolver      : Resolving eureka endpoints via configuration
2022-10-16 11:41:26.956  INFO 13652 --- [AsyncResolver-bootstrap-executor-0] c.n.d.s.r.aws.ConfigClusterResolver      : Resolving eureka endpoints via configuration
2022-10-16 11:46:26.962  INFO 13652 --- [AsyncResolver-bootstrap-executor-0] c.n.d.s.r.aws.ConfigClusterResolver      : Resolving eureka endpoints via configuration
2022-10-16 11:51:26.968  INFO 13652 --- [AsyncResolver-bootstrap-executor-0] c.n.d.s.r.aws.ConfigClusterResolver      : Resolving eureka endpoints via configuration
2022-10-16 11:56:26.975  INFO 13652 --- [AsyncResolver-bootstrap-executor-0] c.n.d.s.r.aws.ConfigClusterResolver      : Resolving eureka endpoints via configuration
2022-10-16 12:01:26.980  INFO 13652 --- [AsyncResolver-bootstrap-executor-0] c.n.d.s.r.aws.ConfigClusterResolver      : Resolving eureka endpoints via configuration
2022-10-16 12:06:26.982  INFO 13652 --- [AsyncResolver-bootstrap-executor-0] c.n.d.s.r.aws.ConfigClusterResolver      : Resolving eureka endpoints via configuration
2022-10-16 12:11:26.993  INFO 13652 --- [AsyncResolver-bootstrap-executor-0] c.n.d.s.r.aws.ConfigClusterResolver      : Resolving eureka endpoints via configuration
2022-10-16 12:16:27.000  INFO 13652 --- [AsyncResolver-bootstrap-executor-0] c.n.d.s.r.aws.ConfigClusterResolver      : Resolving eureka endpoints via configuration
2022-10-16 12:21:27.005  INFO 13652 --- [AsyncResolver-bootstrap-executor-0] c.n.d.s.r.aws.ConfigClusterResolver      : Resolving eureka endpoints via configuration
2022-10-16 12:26:27.006  INFO 13652 --- [AsyncResolver-bootstrap-executor-0] c.n.d.s.r.aws.ConfigClusterResolver      : Resolving eureka endpoints via configuration
2022-10-16 12:31:27.016  INFO 13652 --- [AsyncResolver-bootstrap-executor-0] c.n.d.s.r.aws.ConfigClusterResolver      : Resolving eureka endpoints via configuration
2022-10-16 12:36:27.020  INFO 13652 --- [AsyncResolver-bootstrap-executor-0] c.n.d.s.r.aws.ConfigClusterResolver      : Resolving eureka endpoints via configuration
2022-10-16 12:41:27.029  INFO 13652 --- [AsyncResolver-bootstrap-executor-0] c.n.d.s.r.aws.ConfigClusterResolver      : Resolving eureka endpoints via configuration
2022-10-16 12:46:27.037  INFO 13652 --- [AsyncResolver-bootstrap-executor-0] c.n.d.s.r.aws.ConfigClusterResolver      : Resolving eureka endpoints via configuration
2022-10-16 12:51:27.047  INFO 13652 --- [AsyncResolver-bootstrap-executor-0] c.n.d.s.r.aws.ConfigClusterResolver      : Resolving eureka endpoints via configuration
2022-10-16 12:56:27.049  INFO 13652 --- [AsyncResolver-bootstrap-executor-0] c.n.d.s.r.aws.ConfigClusterResolver      : Resolving eureka endpoints via configuration
2022-10-16 13:01:27.069  INFO 13652 --- [AsyncResolver-bootstrap-executor-0] c.n.d.s.r.aws.ConfigClusterResolver      : Resolving eureka endpoints via configuration
2022-10-16 13:06:27.085  INFO 13652 --- [AsyncResolver-bootstrap-executor-0] c.n.d.s.r.aws.ConfigClusterResolver      : Resolving eureka endpoints via configuration
2022-10-16 13:11:27.090  INFO 13652 --- [AsyncResolver-bootstrap-executor-0] c.n.d.s.r.aws.ConfigClusterResolver      : Resolving eureka endpoints via configuration
2022-10-16 13:16:27.095  INFO 13652 --- [AsyncResolver-bootstrap-executor-0] c.n.d.s.r.aws.ConfigClusterResolver      : Resolving eureka endpoints via configuration
2022-10-16 13:21:27.107  INFO 13652 --- [AsyncResolver-bootstrap-executor-0] c.n.d.s.r.aws.ConfigClusterResolver      : Resolving eureka endpoints via configuration
2022-10-16 13:26:27.121  INFO 13652 --- [AsyncResolver-bootstrap-executor-0] c.n.d.s.r.aws.ConfigClusterResolver      : Resolving eureka endpoints via configuration
2022-10-16 13:31:27.126  INFO 13652 --- [AsyncResolver-bootstrap-executor-0] c.n.d.s.r.aws.ConfigClusterResolver      : Resolving eureka endpoints via configuration
2022-10-16 13:36:27.138  INFO 13652 --- [AsyncResolver-bootstrap-executor-0] c.n.d.s.r.aws.ConfigClusterResolver      : Resolving eureka endpoints via configuration
2022-10-16 13:41:27.145  INFO 13652 --- [AsyncResolver-bootstrap-executor-0] c.n.d.s.r.aws.ConfigClusterResolver      : Resolving eureka endpoints via configuration
2022-10-16 13:46:27.155  INFO 13652 --- [AsyncResolver-bootstrap-executor-0] c.n.d.s.r.aws.ConfigClusterResolver      : Resolving eureka endpoints via configuration
2022-10-16 13:51:27.162  INFO 13652 --- [AsyncResolver-bootstrap-executor-0] c.n.d.s.r.aws.ConfigClusterResolver      : Resolving eureka endpoints via configuration
2022-10-16 13:56:27.182  INFO 13652 --- [AsyncResolver-bootstrap-executor-0] c.n.d.s.r.aws.ConfigClusterResolver      : Resolving eureka endpoints via configuration
2022-10-16 14:01:27.192  INFO 13652 --- [AsyncResolver-bootstrap-executor-0] c.n.d.s.r.aws.ConfigClusterResolver      : Resolving eureka endpoints via configuration
2022-10-16 14:06:27.194  INFO 13652 --- [AsyncResolver-bootstrap-executor-0] c.n.d.s.r.aws.ConfigClusterResolver      : Resolving eureka endpoints via configuration
2022-10-16 14:11:27.196  INFO 13652 --- [AsyncResolver-bootstrap-executor-0] c.n.d.s.r.aws.ConfigClusterResolver      : Resolving eureka endpoints via configuration
2022-10-16 14:16:27.209  INFO 13652 --- [AsyncResolver-bootstrap-executor-0] c.n.d.s.r.aws.ConfigClusterResolver      : Resolving eureka endpoints via configuration
2022-10-16 14:21:27.211  INFO 13652 --- [AsyncResolver-bootstrap-executor-0] c.n.d.s.r.aws.ConfigClusterResolver      : Resolving eureka endpoints via configuration
2022-10-16 14:26:27.219  INFO 13652 --- [AsyncResolver-bootstrap-executor-0] c.n.d.s.r.aws.ConfigClusterResolver      : Resolving eureka endpoints via configuration
2022-10-16 14:31:27.229  INFO 13652 --- [AsyncResolver-bootstrap-executor-0] c.n.d.s.r.aws.ConfigClusterResolver      : Resolving eureka endpoints via configuration
2022-10-16 14:36:27.243  INFO 13652 --- [AsyncResolver-bootstrap-executor-0] c.n.d.s.r.aws.ConfigClusterResolver      : Resolving eureka endpoints via configuration
2022-10-16 14:41:27.250  INFO 13652 --- [AsyncResolver-bootstrap-executor-0] c.n.d.s.r.aws.ConfigClusterResolver      : Resolving eureka endpoints via configuration
2022-10-16 14:46:27.252  INFO 13652 --- [AsyncResolver-bootstrap-executor-0] c.n.d.s.r.aws.ConfigClusterResolver      : Resolving eureka endpoints via configuration
2022-10-16 14:51:27.255  INFO 13652 --- [AsyncResolver-bootstrap-executor-0] c.n.d.s.r.aws.ConfigClusterResolver      : Resolving eureka endpoints via configuration
2022-10-16 14:56:27.270  INFO 13652 --- [AsyncResolver-bootstrap-executor-0] c.n.d.s.r.aws.ConfigClusterResolver      : Resolving eureka endpoints via configuration
2022-10-16 15:01:27.281  INFO 13652 --- [AsyncResolver-bootstrap-executor-0] c.n.d.s.r.aws.ConfigClusterResolver      : Resolving eureka endpoints via configuration
2022-10-16 15:06:27.286  INFO 13652 --- [AsyncResolver-bootstrap-executor-0] c.n.d.s.r.aws.ConfigClusterResolver      : Resolving eureka endpoints via configuration
2022-10-16 15:11:27.291  INFO 13652 --- [AsyncResolver-bootstrap-executor-0] c.n.d.s.r.aws.ConfigClusterResolver      : Resolving eureka endpoints via configuration
2022-10-16 15:16:27.306  INFO 13652 --- [AsyncResolver-bootstrap-executor-0] c.n.d.s.r.aws.ConfigClusterResolver      : Resolving eureka endpoints via configuration
2022-10-16 15:21:27.318  INFO 13652 --- [AsyncResolver-bootstrap-executor-0] c.n.d.s.r.aws.ConfigClusterResolver      : Resolving eureka endpoints via configuration
2022-10-16 15:26:27.321  INFO 13652 --- [AsyncResolver-bootstrap-executor-0] c.n.d.s.r.aws.ConfigClusterResolver      : Resolving eureka endpoints via configuration
2022-10-16 15:31:27.339  INFO 13652 --- [AsyncResolver-bootstrap-executor-0] c.n.d.s.r.aws.ConfigClusterResolver      : Resolving eureka endpoints via configuration
2022-10-16 18:28:11.315  INFO 13652 --- [cluster-ClusterId{value='634b8ef196019f151f76d6b6', description='null'}-ac-g1o6n6r-shard-00-01.aloxi4w.mongodb.net:27017] org.mongodb.driver.cluster               : Exception in monitor thread while connecting to server ac-g1o6n6r-shard-00-01.aloxi4w.mongodb.net:27017

com.mongodb.MongoSocketReadException: Exception receiving message
	at com.mongodb.internal.connection.InternalStreamConnection.translateReadException(InternalStreamConnection.java:702) ~[mongodb-driver-core-4.6.1.jar:na]
	at com.mongodb.internal.connection.InternalStreamConnection.receiveMessageWithAdditionalTimeout(InternalStreamConnection.java:574) ~[mongodb-driver-core-4.6.1.jar:na]
	at com.mongodb.internal.connection.InternalStreamConnection.receiveCommandMessageResponse(InternalStreamConnection.java:410) ~[mongodb-driver-core-4.6.1.jar:na]
	at com.mongodb.internal.connection.InternalStreamConnection.receive(InternalStreamConnection.java:369) ~[mongodb-driver-core-4.6.1.jar:na]
	at com.mongodb.internal.connection.DefaultServerMonitor$ServerMonitorRunnable.lookupServerDescription(DefaultServerMonitor.java:221) ~[mongodb-driver-core-4.6.1.jar:na]
	at com.mongodb.internal.connection.DefaultServerMonitor$ServerMonitorRunnable.run(DefaultServerMonitor.java:157) ~[mongodb-driver-core-4.6.1.jar:na]
	at java.base/java.lang.Thread.run(Thread.java:832) ~[na:na]
Caused by: java.net.SocketException: Socket is closed
	at java.base/java.net.Socket.setSoTimeout(Socket.java:1234) ~[na:na]
	at java.base/sun.security.ssl.BaseSSLSocketImpl.setSoTimeout(BaseSSLSocketImpl.java:637) ~[na:na]
	at java.base/sun.security.ssl.SSLSocketImpl.setSoTimeout(SSLSocketImpl.java:75) ~[na:na]
	at com.mongodb.internal.connection.SocketStream.read(SocketStream.java:137) ~[mongodb-driver-core-4.6.1.jar:na]
	at com.mongodb.internal.connection.InternalStreamConnection.receiveResponseBuffers(InternalStreamConnection.java:713) ~[mongodb-driver-core-4.6.1.jar:na]
	at com.mongodb.internal.connection.InternalStreamConnection.receiveMessageWithAdditionalTimeout(InternalStreamConnection.java:571) ~[mongodb-driver-core-4.6.1.jar:na]
	... 5 common frames omitted

2022-10-16 18:28:11.318  INFO 13652 --- [cluster-ClusterId{value='634b8ef196019f151f76d6b6', description='null'}-ac-g1o6n6r-shard-00-00.aloxi4w.mongodb.net:27017] org.mongodb.driver.cluster               : Exception in monitor thread while connecting to server ac-g1o6n6r-shard-00-00.aloxi4w.mongodb.net:27017

com.mongodb.MongoSocketReadException: Exception receiving message
	at com.mongodb.internal.connection.InternalStreamConnection.translateReadException(InternalStreamConnection.java:702) ~[mongodb-driver-core-4.6.1.jar:na]
	at com.mongodb.internal.connection.InternalStreamConnection.receiveMessageWithAdditionalTimeout(InternalStreamConnection.java:574) ~[mongodb-driver-core-4.6.1.jar:na]
	at com.mongodb.internal.connection.InternalStreamConnection.receiveCommandMessageResponse(InternalStreamConnection.java:410) ~[mongodb-driver-core-4.6.1.jar:na]
	at com.mongodb.internal.connection.InternalStreamConnection.receive(InternalStreamConnection.java:369) ~[mongodb-driver-core-4.6.1.jar:na]
	at com.mongodb.internal.connection.DefaultServerMonitor$ServerMonitorRunnable.lookupServerDescription(DefaultServerMonitor.java:221) ~[mongodb-driver-core-4.6.1.jar:na]
	at com.mongodb.internal.connection.DefaultServerMonitor$ServerMonitorRunnable.run(DefaultServerMonitor.java:157) ~[mongodb-driver-core-4.6.1.jar:na]
	at java.base/java.lang.Thread.run(Thread.java:832) ~[na:na]
Caused by: java.net.SocketException: Socket is closed
	at java.base/java.net.Socket.setSoTimeout(Socket.java:1234) ~[na:na]
	at java.base/sun.security.ssl.BaseSSLSocketImpl.setSoTimeout(BaseSSLSocketImpl.java:637) ~[na:na]
	at java.base/sun.security.ssl.SSLSocketImpl.setSoTimeout(SSLSocketImpl.java:75) ~[na:na]
	at com.mongodb.internal.connection.SocketStream.read(SocketStream.java:137) ~[mongodb-driver-core-4.6.1.jar:na]
	at com.mongodb.internal.connection.InternalStreamConnection.receiveResponseBuffers(InternalStreamConnection.java:713) ~[mongodb-driver-core-4.6.1.jar:na]
	at com.mongodb.internal.connection.InternalStreamConnection.receiveMessageWithAdditionalTimeout(InternalStreamConnection.java:571) ~[mongodb-driver-core-4.6.1.jar:na]
	... 5 common frames omitted

2022-10-16 18:28:11.319  INFO 13652 --- [cluster-ClusterId{value='634b8ef196019f151f76d6b6', description='null'}-ac-g1o6n6r-shard-00-02.aloxi4w.mongodb.net:27017] org.mongodb.driver.cluster               : Exception in monitor thread while connecting to server ac-g1o6n6r-shard-00-02.aloxi4w.mongodb.net:27017

com.mongodb.MongoSocketReadException: Exception receiving message
	at com.mongodb.internal.connection.InternalStreamConnection.translateReadException(InternalStreamConnection.java:702) ~[mongodb-driver-core-4.6.1.jar:na]
	at com.mongodb.internal.connection.InternalStreamConnection.receiveMessageWithAdditionalTimeout(InternalStreamConnection.java:574) ~[mongodb-driver-core-4.6.1.jar:na]
	at com.mongodb.internal.connection.InternalStreamConnection.receiveCommandMessageResponse(InternalStreamConnection.java:410) ~[mongodb-driver-core-4.6.1.jar:na]
	at com.mongodb.internal.connection.InternalStreamConnection.receive(InternalStreamConnection.java:369) ~[mongodb-driver-core-4.6.1.jar:na]
	at com.mongodb.internal.connection.DefaultServerMonitor$ServerMonitorRunnable.lookupServerDescription(DefaultServerMonitor.java:221) ~[mongodb-driver-core-4.6.1.jar:na]
	at com.mongodb.internal.connection.DefaultServerMonitor$ServerMonitorRunnable.run(DefaultServerMonitor.java:157) ~[mongodb-driver-core-4.6.1.jar:na]
	at java.base/java.lang.Thread.run(Thread.java:832) ~[na:na]
Caused by: java.net.SocketException: Socket is closed
	at java.base/java.net.Socket.setSoTimeout(Socket.java:1234) ~[na:na]
	at java.base/sun.security.ssl.BaseSSLSocketImpl.setSoTimeout(BaseSSLSocketImpl.java:637) ~[na:na]
	at java.base/sun.security.ssl.SSLSocketImpl.setSoTimeout(SSLSocketImpl.java:75) ~[na:na]
	at com.mongodb.internal.connection.SocketStream.read(SocketStream.java:137) ~[mongodb-driver-core-4.6.1.jar:na]
	at com.mongodb.internal.connection.InternalStreamConnection.receiveResponseBuffers(InternalStreamConnection.java:713) ~[mongodb-driver-core-4.6.1.jar:na]
	at com.mongodb.internal.connection.InternalStreamConnection.receiveMessageWithAdditionalTimeout(InternalStreamConnection.java:571) ~[mongodb-driver-core-4.6.1.jar:na]
	... 5 common frames omitted

2022-10-16 18:28:13.095  INFO 13652 --- [cluster-ClusterId{value='634b8ef196019f151f76d6b6', description='null'}-ac-g1o6n6r-shard-00-00.aloxi4w.mongodb.net:27017] org.mongodb.driver.connection            : Opened connection [connectionId{localValue:8, serverValue:28603}] to ac-g1o6n6r-shard-00-00.aloxi4w.mongodb.net:27017
2022-10-16 18:28:13.103  INFO 13652 --- [cluster-ClusterId{value='634b8ef196019f151f76d6b6', description='null'}-ac-g1o6n6r-shard-00-01.aloxi4w.mongodb.net:27017] org.mongodb.driver.connection            : Opened connection [connectionId{localValue:7, serverValue:30248}] to ac-g1o6n6r-shard-00-01.aloxi4w.mongodb.net:27017
2022-10-16 18:28:13.105  INFO 13652 --- [cluster-ClusterId{value='634b8ef196019f151f76d6b6', description='null'}-ac-g1o6n6r-shard-00-01.aloxi4w.mongodb.net:27017] org.mongodb.driver.cluster               : Monitor thread successfully connected to server with description ServerDescription{address=ac-g1o6n6r-shard-00-01.aloxi4w.mongodb.net:27017, type=REPLICA_SET_PRIMARY, state=CONNECTED, ok=true, minWireVersion=0, maxWireVersion=13, maxDocumentSize=16777216, logicalSessionTimeoutMinutes=30, roundTripTimeNanos=800070100, setName='atlas-qmiuy4-shard-0', canonicalAddress=ac-g1o6n6r-shard-00-01.aloxi4w.mongodb.net:27017, hosts=[ac-g1o6n6r-shard-00-01.aloxi4w.mongodb.net:27017, ac-g1o6n6r-shard-00-02.aloxi4w.mongodb.net:27017, ac-g1o6n6r-shard-00-00.aloxi4w.mongodb.net:27017], passives=[], arbiters=[], primary='ac-g1o6n6r-shard-00-01.aloxi4w.mongodb.net:27017', tagSet=TagSet{[Tag{name='nodeType', value='ELECTABLE'}, Tag{name='provider', value='AWS'}, Tag{name='region', value='AP_SOUTH_1'}, Tag{name='workloadType', value='OPERATIONAL'}]}, electionId=7fffffff0000000000000075, setVersion=3, topologyVersion=TopologyVersion{processId=634a91c89cef5894233e3b0f, counter=6}, lastWriteDate=Sun Oct 16 18:28:14 IST 2022, lastUpdateTimeNanos=158569351424300}
2022-10-16 18:28:13.107  INFO 13652 --- [cluster-ClusterId{value='634b8ef196019f151f76d6b6', description='null'}-ac-g1o6n6r-shard-00-01.aloxi4w.mongodb.net:27017] org.mongodb.driver.cluster               : Discovered replica set primary ac-g1o6n6r-shard-00-01.aloxi4w.mongodb.net:27017
2022-10-16 18:28:13.109  INFO 13652 --- [cluster-ClusterId{value='634b8ef196019f151f76d6b6', description='null'}-ac-g1o6n6r-shard-00-00.aloxi4w.mongodb.net:27017] org.mongodb.driver.cluster               : Monitor thread successfully connected to server with description ServerDescription{address=ac-g1o6n6r-shard-00-00.aloxi4w.mongodb.net:27017, type=REPLICA_SET_SECONDARY, state=CONNECTED, ok=true, minWireVersion=0, maxWireVersion=13, maxDocumentSize=16777216, logicalSessionTimeoutMinutes=30, roundTripTimeNanos=791551000, setName='atlas-qmiuy4-shard-0', canonicalAddress=ac-g1o6n6r-shard-00-00.aloxi4w.mongodb.net:27017, hosts=[ac-g1o6n6r-shard-00-01.aloxi4w.mongodb.net:27017, ac-g1o6n6r-shard-00-02.aloxi4w.mongodb.net:27017, ac-g1o6n6r-shard-00-00.aloxi4w.mongodb.net:27017], passives=[], arbiters=[], primary='ac-g1o6n6r-shard-00-01.aloxi4w.mongodb.net:27017', tagSet=TagSet{[Tag{name='nodeType', value='ELECTABLE'}, Tag{name='provider', value='AWS'}, Tag{name='region', value='AP_SOUTH_1'}, Tag{name='workloadType', value='OPERATIONAL'}]}, electionId=null, setVersion=3, topologyVersion=TopologyVersion{processId=634a909592bd6c6fef6bf6c8, counter=4}, lastWriteDate=Sun Oct 16 18:28:14 IST 2022, lastUpdateTimeNanos=158569342906700}
2022-10-16 18:28:13.168  INFO 13652 --- [cluster-ClusterId{value='634b8ef196019f151f76d6b6', description='null'}-ac-g1o6n6r-shard-00-02.aloxi4w.mongodb.net:27017] org.mongodb.driver.connection            : Opened connection [connectionId{localValue:9, serverValue:28030}] to ac-g1o6n6r-shard-00-02.aloxi4w.mongodb.net:27017
2022-10-16 18:28:13.169  INFO 13652 --- [cluster-ClusterId{value='634b8ef196019f151f76d6b6', description='null'}-ac-g1o6n6r-shard-00-02.aloxi4w.mongodb.net:27017] org.mongodb.driver.cluster               : Monitor thread successfully connected to server with description ServerDescription{address=ac-g1o6n6r-shard-00-02.aloxi4w.mongodb.net:27017, type=REPLICA_SET_SECONDARY, state=CONNECTED, ok=true, minWireVersion=0, maxWireVersion=13, maxDocumentSize=16777216, logicalSessionTimeoutMinutes=30, roundTripTimeNanos=865666600, setName='atlas-qmiuy4-shard-0', canonicalAddress=ac-g1o6n6r-shard-00-02.aloxi4w.mongodb.net:27017, hosts=[ac-g1o6n6r-shard-00-01.aloxi4w.mongodb.net:27017, ac-g1o6n6r-shard-00-02.aloxi4w.mongodb.net:27017, ac-g1o6n6r-shard-00-00.aloxi4w.mongodb.net:27017], passives=[], arbiters=[], primary='ac-g1o6n6r-shard-00-01.aloxi4w.mongodb.net:27017', tagSet=TagSet{[Tag{name='nodeType', value='ELECTABLE'}, Tag{name='provider', value='AWS'}, Tag{name='region', value='AP_SOUTH_1'}, Tag{name='workloadType', value='OPERATIONAL'}]}, electionId=null, setVersion=3, topologyVersion=TopologyVersion{processId=634a963d4bfe4c785ff97102, counter=3}, lastWriteDate=Sun Oct 16 18:28:14 IST 2022, lastUpdateTimeNanos=158569417021100}
2022-10-16 18:28:21.441  INFO 13652 --- [cluster-rtt-ClusterId{value='634b8ef196019f151f76d6b6', description='null'}-ac-g1o6n6r-shard-00-00.aloxi4w.mongodb.net:27017] org.mongodb.driver.connection            : Opened connection [connectionId{localValue:11, serverValue:28641}] to ac-g1o6n6r-shard-00-00.aloxi4w.mongodb.net:27017
2022-10-16 18:28:21.444  INFO 13652 --- [cluster-rtt-ClusterId{value='634b8ef196019f151f76d6b6', description='null'}-ac-g1o6n6r-shard-00-01.aloxi4w.mongodb.net:27017] org.mongodb.driver.connection            : Opened connection [connectionId{localValue:12, serverValue:30271}] to ac-g1o6n6r-shard-00-01.aloxi4w.mongodb.net:27017
2022-10-16 18:28:21.446  INFO 13652 --- [cluster-rtt-ClusterId{value='634b8ef196019f151f76d6b6', description='null'}-ac-g1o6n6r-shard-00-02.aloxi4w.mongodb.net:27017] org.mongodb.driver.connection            : Opened connection [connectionId{localValue:10, serverValue:28020}] to ac-g1o6n6r-shard-00-02.aloxi4w.mongodb.net:27017
2022-10-16 18:29:22.413  INFO 13652 --- [AsyncResolver-bootstrap-executor-0] c.n.d.s.r.aws.ConfigClusterResolver      : Resolving eureka endpoints via configuration
2022-10-16 18:34:22.423  INFO 13652 --- [AsyncResolver-bootstrap-executor-0] c.n.d.s.r.aws.ConfigClusterResolver      : Resolving eureka endpoints via configuration
2022-10-16 18:39:22.430  INFO 13652 --- [AsyncResolver-bootstrap-executor-0] c.n.d.s.r.aws.ConfigClusterResolver      : Resolving eureka endpoints via configuration
2022-10-16 18:44:22.442  INFO 13652 --- [AsyncResolver-bootstrap-executor-0] c.n.d.s.r.aws.ConfigClusterResolver      : Resolving eureka endpoints via configuration
2022-10-16 18:49:12.611  INFO 13652 --- [http-nio-8075-exec-1] o.a.c.c.C.[Tomcat].[localhost].[/]       : Initializing Spring DispatcherServlet 'dispatcherServlet'
2022-10-16 18:49:12.616  INFO 13652 --- [http-nio-8075-exec-1] o.s.web.servlet.DispatcherServlet        : Initializing Servlet 'dispatcherServlet'
2022-10-16 18:49:12.726  INFO 13652 --- [http-nio-8075-exec-1] o.s.web.servlet.DispatcherServlet        : Completed initialization in 109 ms
2022-10-16 18:49:13.071  INFO 13652 --- [http-nio-8075-exec-1] c.p.B.controller.BookingController       : [addtrain] info message added
2022-10-16 18:49:14.498  INFO 13652 --- [http-nio-8075-exec-1] org.mongodb.driver.connection            : Opened connection [connectionId{localValue:13, serverValue:30559}] to ac-g1o6n6r-shard-00-01.aloxi4w.mongodb.net:27017
2022-10-16 18:49:24.354  INFO 13652 --- [AsyncResolver-bootstrap-executor-0] c.n.d.s.r.aws.ConfigClusterResolver      : Resolving eureka endpoints via configuration
2022-10-16 18:54:24.370  INFO 13652 --- [AsyncResolver-bootstrap-executor-0] c.n.d.s.r.aws.ConfigClusterResolver      : Resolving eureka endpoints via configuration
2022-10-16 18:59:24.378  INFO 13652 --- [AsyncResolver-bootstrap-executor-0] c.n.d.s.r.aws.ConfigClusterResolver      : Resolving eureka endpoints via configuration
2022-10-16 19:04:24.385  INFO 13652 --- [AsyncResolver-bootstrap-executor-0] c.n.d.s.r.aws.ConfigClusterResolver      : Resolving eureka endpoints via configuration
2022-10-16 19:09:24.400  INFO 13652 --- [AsyncResolver-bootstrap-executor-0] c.n.d.s.r.aws.ConfigClusterResolver      : Resolving eureka endpoints via configuration
2022-10-16 19:14:24.415  INFO 13652 --- [AsyncResolver-bootstrap-executor-0] c.n.d.s.r.aws.ConfigClusterResolver      : Resolving eureka endpoints via configuration
2022-10-16 19:19:24.427  INFO 13652 --- [AsyncResolver-bootstrap-executor-0] c.n.d.s.r.aws.ConfigClusterResolver      : Resolving eureka endpoints via configuration
2022-10-16 19:20:27.495  INFO 13652 --- [http-nio-8075-exec-5] c.p.B.controller.BookingController       : [addtrain] info message added
2022-10-16 19:22:03.982  INFO 13652 --- [http-nio-8075-exec-9] c.p.B.controller.BookingController       : [addtrain] info message added
2022-10-16 19:24:26.439  INFO 13652 --- [AsyncResolver-bootstrap-executor-0] c.n.d.s.r.aws.ConfigClusterResolver      : Resolving eureka endpoints via configuration
2022-10-16 19:26:10.319  INFO 13652 --- [http-nio-8075-exec-4] c.p.B.controller.BookingController       : [addtrain] info message added
2022-10-16 19:29:26.453  INFO 13652 --- [AsyncResolver-bootstrap-executor-0] c.n.d.s.r.aws.ConfigClusterResolver      : Resolving eureka endpoints via configuration
2022-10-16 19:32:14.519  INFO 13652 --- [http-nio-8075-exec-8] c.p.B.controller.BookingController       : [addtrain] info message added
2022-10-16 19:34:26.463  INFO 13652 --- [AsyncResolver-bootstrap-executor-0] c.n.d.s.r.aws.ConfigClusterResolver      : Resolving eureka endpoints via configuration
2022-10-16 19:35:04.684  INFO 13652 --- [http-nio-8075-exec-1] c.p.B.controller.BookingController       : [addtrain] info message added
2022-10-16 19:36:55.246  INFO 13652 --- [http-nio-8075-exec-5] c.p.B.controller.BookingController       : [addtrain] info message added
2022-10-16 19:39:08.245  INFO 13652 --- [http-nio-8075-exec-9] c.p.B.controller.BookingController       : [addtrain] info message added
2022-10-16 19:39:26.468  INFO 13652 --- [AsyncResolver-bootstrap-executor-0] c.n.d.s.r.aws.ConfigClusterResolver      : Resolving eureka endpoints via configuration
2022-10-16 19:44:26.471  INFO 13652 --- [AsyncResolver-bootstrap-executor-0] c.n.d.s.r.aws.ConfigClusterResolver      : Resolving eureka endpoints via configuration
2022-10-16 19:49:26.490  INFO 13652 --- [AsyncResolver-bootstrap-executor-0] c.n.d.s.r.aws.ConfigClusterResolver      : Resolving eureka endpoints via configuration
2022-10-16 19:54:26.514  INFO 13652 --- [AsyncResolver-bootstrap-executor-0] c.n.d.s.r.aws.ConfigClusterResolver      : Resolving eureka endpoints via configuration
2022-10-16 19:54:45.798  INFO 13652 --- [http-nio-8075-exec-4] c.p.B.controller.BookingController       : [addtrain] info message added
2022-10-16 19:59:26.533  INFO 13652 --- [AsyncResolver-bootstrap-executor-0] c.n.d.s.r.aws.ConfigClusterResolver      : Resolving eureka endpoints via configuration
2022-10-16 19:59:26.942  INFO 13652 --- [http-nio-8075-exec-8] c.p.B.controller.BookingController       : [addtrain] info message added
2022-10-16 20:02:06.278  INFO 13652 --- [http-nio-8075-exec-1] c.p.B.controller.BookingController       : [addtrain] info message added
2022-10-16 20:03:41.639  INFO 13652 --- [http-nio-8075-exec-5] c.p.B.controller.BookingController       : [addtrain] info message added
2022-10-16 20:04:26.769  INFO 13652 --- [AsyncResolver-bootstrap-executor-0] c.n.d.s.r.aws.ConfigClusterResolver      : Resolving eureka endpoints via configuration
2022-10-16 20:09:26.782  INFO 13652 --- [AsyncResolver-bootstrap-executor-0] c.n.d.s.r.aws.ConfigClusterResolver      : Resolving eureka endpoints via configuration
2022-10-16 20:10:34.857  INFO 13652 --- [http-nio-8075-exec-9] c.p.B.controller.BookingController       : [addtrain] info message added
2022-10-16 20:14:26.790  INFO 13652 --- [AsyncResolver-bootstrap-executor-0] c.n.d.s.r.aws.ConfigClusterResolver      : Resolving eureka endpoints via configuration
2022-10-16 20:15:56.591  INFO 13652 --- [http-nio-8075-exec-4] c.p.B.controller.BookingController       : [addtrain] info message added
2022-10-16 20:19:26.795  INFO 13652 --- [AsyncResolver-bootstrap-executor-0] c.n.d.s.r.aws.ConfigClusterResolver      : Resolving eureka endpoints via configuration
2022-10-16 20:19:35.603  INFO 13652 --- [http-nio-8075-exec-8] c.p.B.controller.BookingController       : [addtrain] info message added
2022-10-16 20:24:26.808  INFO 13652 --- [AsyncResolver-bootstrap-executor-0] c.n.d.s.r.aws.ConfigClusterResolver      : Resolving eureka endpoints via configuration
2022-10-16 20:29:26.820  INFO 13652 --- [AsyncResolver-bootstrap-executor-0] c.n.d.s.r.aws.ConfigClusterResolver      : Resolving eureka endpoints via configuration
2022-10-16 20:34:26.831  INFO 13652 --- [AsyncResolver-bootstrap-executor-0] c.n.d.s.r.aws.ConfigClusterResolver      : Resolving eureka endpoints via configuration
2022-10-16 20:36:33.018  INFO 13652 --- [http-nio-8075-exec-1] c.p.B.controller.BookingController       : [addtrain] info message added
2022-10-16 20:38:08.124  INFO 13652 --- [http-nio-8075-exec-5] c.p.B.controller.BookingController       : [addtrain] info message added
2022-10-16 20:39:26.833  INFO 13652 --- [AsyncResolver-bootstrap-executor-0] c.n.d.s.r.aws.ConfigClusterResolver      : Resolving eureka endpoints via configuration
2022-10-16 20:40:45.692  INFO 13652 --- [SpringApplicationShutdownHook] o.s.c.n.e.s.EurekaServiceRegistry        : Unregistering application BOOKING-MANAGEMENT-SERVICE with eureka with status DOWN
2022-10-16 20:40:45.695  INFO 13652 --- [SpringApplicationShutdownHook] com.netflix.discovery.DiscoveryClient    : Saw local status change event StatusChangeEvent [timestamp=1665933045694, current=DOWN, previous=UP]
2022-10-16 20:40:45.700  INFO 13652 --- [DiscoveryClient-InstanceInfoReplicator-0] com.netflix.discovery.DiscoveryClient    : DiscoveryClient_BOOKING-MANAGEMENT-SERVICE/DESKTOP-4DGDQVK:Booking-management-service:8075: registering service...
2022-10-16 20:40:45.947  INFO 13652 --- [DiscoveryClient-InstanceInfoReplicator-0] com.netflix.discovery.DiscoveryClient    : DiscoveryClient_BOOKING-MANAGEMENT-SERVICE/DESKTOP-4DGDQVK:Booking-management-service:8075 - registration status: 204
2022-10-16 20:40:46.860  INFO 13652 --- [SpringApplicationShutdownHook] com.netflix.discovery.DiscoveryClient    : Shutting down DiscoveryClient ...
2022-10-16 20:40:49.876  INFO 13652 --- [SpringApplicationShutdownHook] com.netflix.discovery.DiscoveryClient    : Unregistering ...
2022-10-16 20:40:49.911  INFO 13652 --- [SpringApplicationShutdownHook] com.netflix.discovery.DiscoveryClient    : DiscoveryClient_BOOKING-MANAGEMENT-SERVICE/DESKTOP-4DGDQVK:Booking-management-service:8075 - deregister  status: 200
2022-10-16 20:40:49.951  INFO 13652 --- [SpringApplicationShutdownHook] com.netflix.discovery.DiscoveryClient    : Completed shut down of DiscoveryClient
