2022-10-16 00:03:21.515  INFO 9768 --- [AsyncResolver-bootstrap-executor-0] c.n.d.s.r.aws.ConfigClusterResolver      : Resolving eureka endpoints via configuration
2022-10-16 00:08:21.542  INFO 9768 --- [AsyncResolver-bootstrap-executor-0] c.n.d.s.r.aws.ConfigClusterResolver      : Resolving eureka endpoints via configuration
2022-10-16 00:13:21.549  INFO 9768 --- [AsyncResolver-bootstrap-executor-0] c.n.d.s.r.aws.ConfigClusterResolver      : Resolving eureka endpoints via configuration
2022-10-16 00:18:21.555  INFO 9768 --- [AsyncResolver-bootstrap-executor-0] c.n.d.s.r.aws.ConfigClusterResolver      : Resolving eureka endpoints via configuration
2022-10-16 00:23:21.556  INFO 9768 --- [AsyncResolver-bootstrap-executor-0] c.n.d.s.r.aws.ConfigClusterResolver      : Resolving eureka endpoints via configuration
2022-10-16 00:28:22.569  INFO 9768 --- [AsyncResolver-bootstrap-executor-0] c.n.d.s.r.aws.ConfigClusterResolver      : Resolving eureka endpoints via configuration
2022-10-16 00:33:22.580  INFO 9768 --- [AsyncResolver-bootstrap-executor-0] c.n.d.s.r.aws.ConfigClusterResolver      : Resolving eureka endpoints via configuration
2022-10-16 00:38:22.589  INFO 9768 --- [AsyncResolver-bootstrap-executor-0] c.n.d.s.r.aws.ConfigClusterResolver      : Resolving eureka endpoints via configuration
2022-10-16 10:24:39.056  INFO 5052 --- [main] T.TrainManagementMicroserviceApplication : Starting TrainManagementMicroserviceApplication using Java 15.0.1 on DESKTOP-4DGDQVK with PID 5052 (D:\MicrosevicesApp\Project\TrainManagementMicroservice\target\classes started by Doomsday in D:\MicrosevicesApp\Project\TrainManagementMicroservice)
2022-10-16 10:24:39.182  INFO 5052 --- [main] T.TrainManagementMicroserviceApplication : No active profile set, falling back to 1 default profile: "default"
2022-10-16 10:24:45.967  INFO 5052 --- [main] .s.d.r.c.RepositoryConfigurationDelegate : Bootstrapping Spring Data MongoDB repositories in DEFAULT mode.
2022-10-16 10:24:47.575  INFO 5052 --- [main] .s.d.r.c.RepositoryConfigurationDelegate : Finished Spring Data repository scanning in 1589 ms. Found 1 MongoDB repository interfaces.
2022-10-16 10:24:50.480  INFO 5052 --- [main] o.s.cloud.context.scope.GenericScope     : BeanFactory id=59279d2b-f1ae-3e3d-b418-e120fefa91bb
2022-10-16 10:24:53.610  INFO 5052 --- [main] o.s.b.w.embedded.tomcat.TomcatWebServer  : Tomcat initialized with port(s): 8060 (http)
2022-10-16 10:24:53.643  INFO 5052 --- [main] o.apache.catalina.core.StandardService   : Starting service [Tomcat]
2022-10-16 10:24:53.644  INFO 5052 --- [main] org.apache.catalina.core.StandardEngine  : Starting Servlet engine: [Apache Tomcat/9.0.65]
2022-10-16 10:24:55.332  INFO 5052 --- [main] o.a.c.c.C.[Tomcat].[localhost].[/]       : Initializing Spring embedded WebApplicationContext
2022-10-16 10:24:55.333  INFO 5052 --- [main] w.s.c.ServletWebServerApplicationContext : Root WebApplicationContext: initialization completed in 15674 ms
2022-10-16 10:24:58.490  INFO 5052 --- [cluster-ClusterId{value='634b8ea2b8d98a20b66302d3', description='null'}-srv-cluster0.aloxi4w.mongodb.net] org.mongodb.driver.cluster               : Adding discovered server ac-g1o6n6r-shard-00-01.aloxi4w.mongodb.net:27017 to client view of cluster
2022-10-16 10:24:58.493  INFO 5052 --- [main] org.mongodb.driver.client                : MongoClient with metadata {"driver": {"name": "mongo-java-driver|sync|spring-boot", "version": "4.6.1"}, "os": {"type": "Windows", "name": "Windows 10", "architecture": "amd64", "version": "10.0"}, "platform": "Java/Oracle Corporation/15.0.1+9-18"} created with settings MongoClientSettings{readPreference=primary, writeConcern=WriteConcern{w=majority, wTimeout=null ms, journal=null}, retryWrites=true, retryReads=true, readConcern=ReadConcern{level=null}, credential=MongoCredential{mechanism=null, userName='Saathvik', source='admin', password=<hidden>, mechanismProperties=<hidden>}, streamFactoryFactory=null, commandListeners=[], codecRegistry=ProvidersCodecRegistry{codecProviders=[ValueCodecProvider{}, BsonValueCodecProvider{}, DBRefCodecProvider{}, DBObjectCodecProvider{}, DocumentCodecProvider{}, IterableCodecProvider{}, MapCodecProvider{}, GeoJsonCodecProvider{}, GridFSFileCodecProvider{}, Jsr310CodecProvider{}, JsonObjectCodecProvider{}, BsonCodecProvider{}, EnumCodecProvider{}, com.mongodb.Jep395RecordCodecProvider@4def7d36]}, clusterSettings={hosts=[127.0.0.1:27017], srvHost=cluster0.aloxi4w.mongodb.net, srvServiceName=mongodb, mode=MULTIPLE, requiredClusterType=REPLICA_SET, requiredReplicaSetName='atlas-qmiuy4-shard-0', serverSelector='null', clusterListeners='[]', serverSelectionTimeout='30000 ms', localThreshold='30000 ms'}, socketSettings=SocketSettings{connectTimeoutMS=10000, readTimeoutMS=0, receiveBufferSize=0, sendBufferSize=0}, heartbeatSocketSettings=SocketSettings{connectTimeoutMS=10000, readTimeoutMS=10000, receiveBufferSize=0, sendBufferSize=0}, connectionPoolSettings=ConnectionPoolSettings{maxSize=100, minSize=0, maxWaitTimeMS=120000, maxConnectionLifeTimeMS=0, maxConnectionIdleTimeMS=0, maintenanceInitialDelayMS=0, maintenanceFrequencyMS=60000, connectionPoolListeners=[], maxConnecting=2}, serverSettings=ServerSettings{heartbeatFrequencyMS=10000, minHeartbeatFrequencyMS=500, serverListeners='[]', serverMonitorListeners='[]'}, sslSettings=SslSettings{enabled=true, invalidHostNameAllowed=false, context=null}, applicationName='null', compressorList=[], uuidRepresentation=JAVA_LEGACY, serverApi=null, autoEncryptionSettings=null, contextProvider=null}
2022-10-16 10:24:58.701  INFO 5052 --- [cluster-ClusterId{value='634b8ea2b8d98a20b66302d3', description='null'}-srv-cluster0.aloxi4w.mongodb.net] org.mongodb.driver.cluster               : Adding discovered server ac-g1o6n6r-shard-00-02.aloxi4w.mongodb.net:27017 to client view of cluster
2022-10-16 10:24:58.705  INFO 5052 --- [cluster-ClusterId{value='634b8ea2b8d98a20b66302d3', description='null'}-srv-cluster0.aloxi4w.mongodb.net] org.mongodb.driver.cluster               : Adding discovered server ac-g1o6n6r-shard-00-00.aloxi4w.mongodb.net:27017 to client view of cluster
2022-10-16 10:25:00.685  WARN 5052 --- [main] o.s.data.convert.CustomConversions       : Registering converter from class java.time.LocalDateTime to class org.joda.time.LocalDateTime as reading converter although it doesn't convert from a store-supported type; You might want to check your annotation setup at the converter implementation
2022-10-16 10:25:02.515  INFO 5052 --- [cluster-ClusterId{value='634b8ea2b8d98a20b66302d3', description='null'}-ac-g1o6n6r-shard-00-02.aloxi4w.mongodb.net:27017] org.mongodb.driver.connection            : Opened connection [connectionId{localValue:1, serverValue:19249}] to ac-g1o6n6r-shard-00-02.aloxi4w.mongodb.net:27017
2022-10-16 10:25:02.517  INFO 5052 --- [cluster-ClusterId{value='634b8ea2b8d98a20b66302d3', description='null'}-ac-g1o6n6r-shard-00-02.aloxi4w.mongodb.net:27017] org.mongodb.driver.cluster               : Monitor thread successfully connected to server with description ServerDescription{address=ac-g1o6n6r-shard-00-02.aloxi4w.mongodb.net:27017, type=REPLICA_SET_SECONDARY, state=CONNECTED, ok=true, minWireVersion=0, maxWireVersion=13, maxDocumentSize=16777216, logicalSessionTimeoutMinutes=30, roundTripTimeNanos=1140097300, setName='atlas-qmiuy4-shard-0', canonicalAddress=ac-g1o6n6r-shard-00-02.aloxi4w.mongodb.net:27017, hosts=[ac-g1o6n6r-shard-00-01.aloxi4w.mongodb.net:27017, ac-g1o6n6r-shard-00-02.aloxi4w.mongodb.net:27017, ac-g1o6n6r-shard-00-00.aloxi4w.mongodb.net:27017], passives=[], arbiters=[], primary='ac-g1o6n6r-shard-00-01.aloxi4w.mongodb.net:27017', tagSet=TagSet{[Tag{name='nodeType', value='ELECTABLE'}, Tag{name='provider', value='AWS'}, Tag{name='region', value='AP_SOUTH_1'}, Tag{name='workloadType', value='OPERATIONAL'}]}, electionId=null, setVersion=3, topologyVersion=TopologyVersion{processId=634a963d4bfe4c785ff97102, counter=3}, lastWriteDate=Sun Oct 16 10:25:03 IST 2022, lastUpdateTimeNanos=129578734388200}
2022-10-16 10:25:02.524  INFO 5052 --- [cluster-rtt-ClusterId{value='634b8ea2b8d98a20b66302d3', description='null'}-ac-g1o6n6r-shard-00-02.aloxi4w.mongodb.net:27017] org.mongodb.driver.connection            : Opened connection [connectionId{localValue:2, serverValue:19249}] to ac-g1o6n6r-shard-00-02.aloxi4w.mongodb.net:27017
2022-10-16 10:25:02.565  INFO 5052 --- [cluster-ClusterId{value='634b8ea2b8d98a20b66302d3', description='null'}-ac-g1o6n6r-shard-00-01.aloxi4w.mongodb.net:27017] org.mongodb.driver.connection            : Opened connection [connectionId{localValue:3, serverValue:21272}] to ac-g1o6n6r-shard-00-01.aloxi4w.mongodb.net:27017
2022-10-16 10:25:02.566  INFO 5052 --- [cluster-ClusterId{value='634b8ea2b8d98a20b66302d3', description='null'}-ac-g1o6n6r-shard-00-01.aloxi4w.mongodb.net:27017] org.mongodb.driver.cluster               : Monitor thread successfully connected to server with description ServerDescription{address=ac-g1o6n6r-shard-00-01.aloxi4w.mongodb.net:27017, type=REPLICA_SET_PRIMARY, state=CONNECTED, ok=true, minWireVersion=0, maxWireVersion=13, maxDocumentSize=16777216, logicalSessionTimeoutMinutes=30, roundTripTimeNanos=1116370300, setName='atlas-qmiuy4-shard-0', canonicalAddress=ac-g1o6n6r-shard-00-01.aloxi4w.mongodb.net:27017, hosts=[ac-g1o6n6r-shard-00-01.aloxi4w.mongodb.net:27017, ac-g1o6n6r-shard-00-02.aloxi4w.mongodb.net:27017, ac-g1o6n6r-shard-00-00.aloxi4w.mongodb.net:27017], passives=[], arbiters=[], primary='ac-g1o6n6r-shard-00-01.aloxi4w.mongodb.net:27017', tagSet=TagSet{[Tag{name='nodeType', value='ELECTABLE'}, Tag{name='provider', value='AWS'}, Tag{name='region', value='AP_SOUTH_1'}, Tag{name='workloadType', value='OPERATIONAL'}]}, electionId=7fffffff0000000000000075, setVersion=3, topologyVersion=TopologyVersion{processId=634a91c89cef5894233e3b0f, counter=6}, lastWriteDate=Sun Oct 16 10:25:03 IST 2022, lastUpdateTimeNanos=129578788076100}
2022-10-16 10:25:02.567  INFO 5052 --- [cluster-rtt-ClusterId{value='634b8ea2b8d98a20b66302d3', description='null'}-ac-g1o6n6r-shard-00-00.aloxi4w.mongodb.net:27017] org.mongodb.driver.connection            : Opened connection [connectionId{localValue:6, serverValue:19845}] to ac-g1o6n6r-shard-00-00.aloxi4w.mongodb.net:27017
2022-10-16 10:25:02.567  INFO 5052 --- [cluster-ClusterId{value='634b8ea2b8d98a20b66302d3', description='null'}-ac-g1o6n6r-shard-00-01.aloxi4w.mongodb.net:27017] org.mongodb.driver.cluster               : Setting max election id to 7fffffff0000000000000075 from replica set primary ac-g1o6n6r-shard-00-01.aloxi4w.mongodb.net:27017
2022-10-16 10:25:02.568  INFO 5052 --- [cluster-ClusterId{value='634b8ea2b8d98a20b66302d3', description='null'}-ac-g1o6n6r-shard-00-01.aloxi4w.mongodb.net:27017] org.mongodb.driver.cluster               : Setting max set version to 3 from replica set primary ac-g1o6n6r-shard-00-01.aloxi4w.mongodb.net:27017
2022-10-16 10:25:02.569  INFO 5052 --- [cluster-ClusterId{value='634b8ea2b8d98a20b66302d3', description='null'}-ac-g1o6n6r-shard-00-01.aloxi4w.mongodb.net:27017] org.mongodb.driver.cluster               : Discovered replica set primary ac-g1o6n6r-shard-00-01.aloxi4w.mongodb.net:27017
2022-10-16 10:25:02.659  INFO 5052 --- [cluster-rtt-ClusterId{value='634b8ea2b8d98a20b66302d3', description='null'}-ac-g1o6n6r-shard-00-01.aloxi4w.mongodb.net:27017] org.mongodb.driver.connection            : Opened connection [connectionId{localValue:4, serverValue:21272}] to ac-g1o6n6r-shard-00-01.aloxi4w.mongodb.net:27017
2022-10-16 10:25:02.716  INFO 5052 --- [cluster-ClusterId{value='634b8ea2b8d98a20b66302d3', description='null'}-ac-g1o6n6r-shard-00-00.aloxi4w.mongodb.net:27017] org.mongodb.driver.connection            : Opened connection [connectionId{localValue:5, serverValue:19845}] to ac-g1o6n6r-shard-00-00.aloxi4w.mongodb.net:27017
2022-10-16 10:25:02.718  INFO 5052 --- [cluster-ClusterId{value='634b8ea2b8d98a20b66302d3', description='null'}-ac-g1o6n6r-shard-00-00.aloxi4w.mongodb.net:27017] org.mongodb.driver.cluster               : Monitor thread successfully connected to server with description ServerDescription{address=ac-g1o6n6r-shard-00-00.aloxi4w.mongodb.net:27017, type=REPLICA_SET_SECONDARY, state=CONNECTED, ok=true, minWireVersion=0, maxWireVersion=13, maxDocumentSize=16777216, logicalSessionTimeoutMinutes=30, roundTripTimeNanos=1277821100, setName='atlas-qmiuy4-shard-0', canonicalAddress=ac-g1o6n6r-shard-00-00.aloxi4w.mongodb.net:27017, hosts=[ac-g1o6n6r-shard-00-01.aloxi4w.mongodb.net:27017, ac-g1o6n6r-shard-00-02.aloxi4w.mongodb.net:27017, ac-g1o6n6r-shard-00-00.aloxi4w.mongodb.net:27017], passives=[], arbiters=[], primary='ac-g1o6n6r-shard-00-01.aloxi4w.mongodb.net:27017', tagSet=TagSet{[Tag{name='nodeType', value='ELECTABLE'}, Tag{name='provider', value='AWS'}, Tag{name='region', value='AP_SOUTH_1'}, Tag{name='workloadType', value='OPERATIONAL'}]}, electionId=null, setVersion=3, topologyVersion=TopologyVersion{processId=634a909592bd6c6fef6bf6c8, counter=4}, lastWriteDate=Sun Oct 16 10:25:03 IST 2022, lastUpdateTimeNanos=129578939537600}
2022-10-16 10:25:02.909  WARN 5052 --- [main] o.s.data.convert.CustomConversions       : Registering converter from class java.time.LocalDateTime to class org.joda.time.LocalDateTime as reading converter although it doesn't convert from a store-supported type; You might want to check your annotation setup at the converter implementation
2022-10-16 10:25:05.874  INFO 5052 --- [main] pertySourcedRequestMappingHandlerMapping : Mapped URL path [/v2/api-docs] onto method [springfox.documentation.swagger2.web.Swagger2Controller#getDocumentation(String, HttpServletRequest)]
2022-10-16 10:25:07.279  INFO 5052 --- [main] DiscoveryClientOptionalArgsConfiguration : Eureka HTTP Client uses RestTemplate.
2022-10-16 10:25:07.733  WARN 5052 --- [main] iguration$LoadBalancerCaffeineWarnLogger : Spring Cloud LoadBalancer is currently working with the default cache. While this cache implementation is useful for development and tests, it's recommended to use Caffeine cache in production.You can switch to using Caffeine cache, by adding it and org.springframework.cache.caffeine.CaffeineCacheManager to the classpath.
2022-10-16 10:25:07.865  INFO 5052 --- [main] o.s.c.n.eureka.InstanceInfoFactory       : Setting initial instance status as: STARTING
2022-10-16 10:25:08.330  INFO 5052 --- [main] com.netflix.discovery.DiscoveryClient    : Initializing Eureka in region us-east-1
2022-10-16 10:25:08.353  INFO 5052 --- [main] c.n.d.s.r.aws.ConfigClusterResolver      : Resolving eureka endpoints via configuration
2022-10-16 10:25:08.528  INFO 5052 --- [main] com.netflix.discovery.DiscoveryClient    : Disable delta property : false
2022-10-16 10:25:08.540  INFO 5052 --- [main] com.netflix.discovery.DiscoveryClient    : Single vip registry refresh property : null
2022-10-16 10:25:08.540  INFO 5052 --- [main] com.netflix.discovery.DiscoveryClient    : Force full registry fetch : false
2022-10-16 10:25:08.541  INFO 5052 --- [main] com.netflix.discovery.DiscoveryClient    : Application is null : false
2022-10-16 10:25:08.541  INFO 5052 --- [main] com.netflix.discovery.DiscoveryClient    : Registered Applications size is zero : true
2022-10-16 10:25:08.542  INFO 5052 --- [main] com.netflix.discovery.DiscoveryClient    : Application version is -1: true
2022-10-16 10:25:08.542  INFO 5052 --- [main] com.netflix.discovery.DiscoveryClient    : Getting all instance registry info from the eureka server
2022-10-16 10:25:10.954  INFO 5052 --- [main] com.netflix.discovery.DiscoveryClient    : The response status is 200
2022-10-16 10:25:10.970  INFO 5052 --- [main] com.netflix.discovery.DiscoveryClient    : Starting heartbeat executor: renew interval is: 30
2022-10-16 10:25:11.019  INFO 5052 --- [main] c.n.discovery.InstanceInfoReplicator     : InstanceInfoReplicator onDemand update allowed rate per min is 4
2022-10-16 10:25:11.069  INFO 5052 --- [main] com.netflix.discovery.DiscoveryClient    : Discovery Client initialized at timestamp 1665896111063 with initial instances count: 0
2022-10-16 10:25:11.074  INFO 5052 --- [main] o.s.c.n.e.s.EurekaServiceRegistry        : Registering application TRAIN-MANAGEMENT-SERVICE with eureka with status UP
2022-10-16 10:25:11.076  INFO 5052 --- [main] com.netflix.discovery.DiscoveryClient    : Saw local status change event StatusChangeEvent [timestamp=1665896111075, current=UP, previous=STARTING]
2022-10-16 10:25:11.082  INFO 5052 --- [DiscoveryClient-InstanceInfoReplicator-0] com.netflix.discovery.DiscoveryClient    : DiscoveryClient_TRAIN-MANAGEMENT-SERVICE/DESKTOP-4DGDQVK:Train-management-service:8060: registering service...
2022-10-16 10:25:11.208  INFO 5052 --- [main] o.s.b.w.embedded.tomcat.TomcatWebServer  : Tomcat started on port(s): 8060 (http) with context path ''
2022-10-16 10:25:11.211  INFO 5052 --- [main] .s.c.n.e.s.EurekaAutoServiceRegistration : Updating port to 8060
2022-10-16 10:25:11.780  INFO 5052 --- [DiscoveryClient-InstanceInfoReplicator-0] com.netflix.discovery.DiscoveryClient    : DiscoveryClient_TRAIN-MANAGEMENT-SERVICE/DESKTOP-4DGDQVK:Train-management-service:8060 - registration status: 204
2022-10-16 10:25:11.834  INFO 5052 --- [main] d.s.w.p.DocumentationPluginsBootstrapper : Context refreshed
2022-10-16 10:25:11.932  INFO 5052 --- [main] d.s.w.p.DocumentationPluginsBootstrapper : Found 1 custom documentation plugin(s)
2022-10-16 10:25:12.089  INFO 5052 --- [main] s.d.s.w.s.ApiListingReferenceScanner     : Scanning for api listing references
2022-10-16 10:25:12.656  INFO 5052 --- [main] T.TrainManagementMicroserviceApplication : Started TrainManagementMicroserviceApplication in 36.935 seconds (JVM running for 39.498)
2022-10-16 10:25:41.029  INFO 5052 --- [DiscoveryClient-CacheRefreshExecutor-0] com.netflix.discovery.DiscoveryClient    : Disable delta property : false
2022-10-16 10:25:41.031  INFO 5052 --- [DiscoveryClient-CacheRefreshExecutor-0] com.netflix.discovery.DiscoveryClient    : Single vip registry refresh property : null
2022-10-16 10:25:41.037  INFO 5052 --- [DiscoveryClient-CacheRefreshExecutor-0] com.netflix.discovery.DiscoveryClient    : Force full registry fetch : false
2022-10-16 10:25:41.040  INFO 5052 --- [DiscoveryClient-CacheRefreshExecutor-0] com.netflix.discovery.DiscoveryClient    : Application is null : false
2022-10-16 10:25:41.043  INFO 5052 --- [DiscoveryClient-CacheRefreshExecutor-0] com.netflix.discovery.DiscoveryClient    : Registered Applications size is zero : true
2022-10-16 10:25:41.045  INFO 5052 --- [DiscoveryClient-CacheRefreshExecutor-0] com.netflix.discovery.DiscoveryClient    : Application version is -1: false
2022-10-16 10:25:41.046  INFO 5052 --- [DiscoveryClient-CacheRefreshExecutor-0] com.netflix.discovery.DiscoveryClient    : Getting all instance registry info from the eureka server
2022-10-16 10:25:41.085  INFO 5052 --- [DiscoveryClient-CacheRefreshExecutor-0] com.netflix.discovery.DiscoveryClient    : The response status is 200
2022-10-16 10:30:08.578  INFO 5052 --- [AsyncResolver-bootstrap-executor-0] c.n.d.s.r.aws.ConfigClusterResolver      : Resolving eureka endpoints via configuration
2022-10-16 10:35:08.584  INFO 5052 --- [AsyncResolver-bootstrap-executor-0] c.n.d.s.r.aws.ConfigClusterResolver      : Resolving eureka endpoints via configuration
2022-10-16 10:40:08.600  INFO 5052 --- [AsyncResolver-bootstrap-executor-0] c.n.d.s.r.aws.ConfigClusterResolver      : Resolving eureka endpoints via configuration
2022-10-16 10:45:08.606  INFO 5052 --- [AsyncResolver-bootstrap-executor-0] c.n.d.s.r.aws.ConfigClusterResolver      : Resolving eureka endpoints via configuration
2022-10-16 10:50:08.614  INFO 5052 --- [AsyncResolver-bootstrap-executor-0] c.n.d.s.r.aws.ConfigClusterResolver      : Resolving eureka endpoints via configuration
2022-10-16 10:55:08.628  INFO 5052 --- [AsyncResolver-bootstrap-executor-0] c.n.d.s.r.aws.ConfigClusterResolver      : Resolving eureka endpoints via configuration
2022-10-16 11:00:08.641  INFO 5052 --- [AsyncResolver-bootstrap-executor-0] c.n.d.s.r.aws.ConfigClusterResolver      : Resolving eureka endpoints via configuration
2022-10-16 11:05:08.647  INFO 5052 --- [AsyncResolver-bootstrap-executor-0] c.n.d.s.r.aws.ConfigClusterResolver      : Resolving eureka endpoints via configuration
2022-10-16 11:10:08.657  INFO 5052 --- [AsyncResolver-bootstrap-executor-0] c.n.d.s.r.aws.ConfigClusterResolver      : Resolving eureka endpoints via configuration
2022-10-16 11:15:08.668  INFO 5052 --- [AsyncResolver-bootstrap-executor-0] c.n.d.s.r.aws.ConfigClusterResolver      : Resolving eureka endpoints via configuration
2022-10-16 11:20:08.674  INFO 5052 --- [AsyncResolver-bootstrap-executor-0] c.n.d.s.r.aws.ConfigClusterResolver      : Resolving eureka endpoints via configuration
2022-10-16 11:25:08.686  INFO 5052 --- [AsyncResolver-bootstrap-executor-0] c.n.d.s.r.aws.ConfigClusterResolver      : Resolving eureka endpoints via configuration
2022-10-16 11:30:08.699  INFO 5052 --- [AsyncResolver-bootstrap-executor-0] c.n.d.s.r.aws.ConfigClusterResolver      : Resolving eureka endpoints via configuration
2022-10-16 11:35:08.709  INFO 5052 --- [AsyncResolver-bootstrap-executor-0] c.n.d.s.r.aws.ConfigClusterResolver      : Resolving eureka endpoints via configuration
2022-10-16 11:40:08.714  INFO 5052 --- [AsyncResolver-bootstrap-executor-0] c.n.d.s.r.aws.ConfigClusterResolver      : Resolving eureka endpoints via configuration
2022-10-16 11:45:08.731  INFO 5052 --- [AsyncResolver-bootstrap-executor-0] c.n.d.s.r.aws.ConfigClusterResolver      : Resolving eureka endpoints via configuration
2022-10-16 11:50:08.739  INFO 5052 --- [AsyncResolver-bootstrap-executor-0] c.n.d.s.r.aws.ConfigClusterResolver      : Resolving eureka endpoints via configuration
2022-10-16 11:55:08.756  INFO 5052 --- [AsyncResolver-bootstrap-executor-0] c.n.d.s.r.aws.ConfigClusterResolver      : Resolving eureka endpoints via configuration
2022-10-16 12:00:08.765  INFO 5052 --- [AsyncResolver-bootstrap-executor-0] c.n.d.s.r.aws.ConfigClusterResolver      : Resolving eureka endpoints via configuration
2022-10-16 12:05:08.771  INFO 5052 --- [AsyncResolver-bootstrap-executor-0] c.n.d.s.r.aws.ConfigClusterResolver      : Resolving eureka endpoints via configuration
2022-10-16 12:10:08.784  INFO 5052 --- [AsyncResolver-bootstrap-executor-0] c.n.d.s.r.aws.ConfigClusterResolver      : Resolving eureka endpoints via configuration
2022-10-16 12:15:08.798  INFO 5052 --- [AsyncResolver-bootstrap-executor-0] c.n.d.s.r.aws.ConfigClusterResolver      : Resolving eureka endpoints via configuration
2022-10-16 12:20:08.803  INFO 5052 --- [AsyncResolver-bootstrap-executor-0] c.n.d.s.r.aws.ConfigClusterResolver      : Resolving eureka endpoints via configuration
2022-10-16 12:25:08.809  INFO 5052 --- [AsyncResolver-bootstrap-executor-0] c.n.d.s.r.aws.ConfigClusterResolver      : Resolving eureka endpoints via configuration
2022-10-16 12:30:08.820  INFO 5052 --- [AsyncResolver-bootstrap-executor-0] c.n.d.s.r.aws.ConfigClusterResolver      : Resolving eureka endpoints via configuration
2022-10-16 12:35:08.829  INFO 5052 --- [AsyncResolver-bootstrap-executor-0] c.n.d.s.r.aws.ConfigClusterResolver      : Resolving eureka endpoints via configuration
2022-10-16 12:40:08.845  INFO 5052 --- [AsyncResolver-bootstrap-executor-0] c.n.d.s.r.aws.ConfigClusterResolver      : Resolving eureka endpoints via configuration
2022-10-16 12:45:08.858  INFO 5052 --- [AsyncResolver-bootstrap-executor-0] c.n.d.s.r.aws.ConfigClusterResolver      : Resolving eureka endpoints via configuration
2022-10-16 12:50:08.873  INFO 5052 --- [AsyncResolver-bootstrap-executor-0] c.n.d.s.r.aws.ConfigClusterResolver      : Resolving eureka endpoints via configuration
2022-10-16 12:55:08.875  INFO 5052 --- [AsyncResolver-bootstrap-executor-0] c.n.d.s.r.aws.ConfigClusterResolver      : Resolving eureka endpoints via configuration
2022-10-16 13:00:08.879  INFO 5052 --- [AsyncResolver-bootstrap-executor-0] c.n.d.s.r.aws.ConfigClusterResolver      : Resolving eureka endpoints via configuration
2022-10-16 13:05:08.893  INFO 5052 --- [AsyncResolver-bootstrap-executor-0] c.n.d.s.r.aws.ConfigClusterResolver      : Resolving eureka endpoints via configuration
2022-10-16 13:10:08.906  INFO 5052 --- [AsyncResolver-bootstrap-executor-0] c.n.d.s.r.aws.ConfigClusterResolver      : Resolving eureka endpoints via configuration
2022-10-16 13:15:08.916  INFO 5052 --- [AsyncResolver-bootstrap-executor-0] c.n.d.s.r.aws.ConfigClusterResolver      : Resolving eureka endpoints via configuration
2022-10-16 13:20:08.922  INFO 5052 --- [AsyncResolver-bootstrap-executor-0] c.n.d.s.r.aws.ConfigClusterResolver      : Resolving eureka endpoints via configuration
2022-10-16 13:25:08.923  INFO 5052 --- [AsyncResolver-bootstrap-executor-0] c.n.d.s.r.aws.ConfigClusterResolver      : Resolving eureka endpoints via configuration
2022-10-16 13:30:08.942  INFO 5052 --- [AsyncResolver-bootstrap-executor-0] c.n.d.s.r.aws.ConfigClusterResolver      : Resolving eureka endpoints via configuration
2022-10-16 13:35:08.952  INFO 5052 --- [AsyncResolver-bootstrap-executor-0] c.n.d.s.r.aws.ConfigClusterResolver      : Resolving eureka endpoints via configuration
2022-10-16 13:40:08.957  INFO 5052 --- [AsyncResolver-bootstrap-executor-0] c.n.d.s.r.aws.ConfigClusterResolver      : Resolving eureka endpoints via configuration
2022-10-16 13:45:08.969  INFO 5052 --- [AsyncResolver-bootstrap-executor-0] c.n.d.s.r.aws.ConfigClusterResolver      : Resolving eureka endpoints via configuration
2022-10-16 13:50:08.985  INFO 5052 --- [AsyncResolver-bootstrap-executor-0] c.n.d.s.r.aws.ConfigClusterResolver      : Resolving eureka endpoints via configuration
2022-10-16 13:55:08.995  INFO 5052 --- [AsyncResolver-bootstrap-executor-0] c.n.d.s.r.aws.ConfigClusterResolver      : Resolving eureka endpoints via configuration
2022-10-16 14:00:09.002  INFO 5052 --- [AsyncResolver-bootstrap-executor-0] c.n.d.s.r.aws.ConfigClusterResolver      : Resolving eureka endpoints via configuration
2022-10-16 14:05:09.006  INFO 5052 --- [AsyncResolver-bootstrap-executor-0] c.n.d.s.r.aws.ConfigClusterResolver      : Resolving eureka endpoints via configuration
2022-10-16 14:10:09.010  INFO 5052 --- [AsyncResolver-bootstrap-executor-0] c.n.d.s.r.aws.ConfigClusterResolver      : Resolving eureka endpoints via configuration
2022-10-16 14:15:09.019  INFO 5052 --- [AsyncResolver-bootstrap-executor-0] c.n.d.s.r.aws.ConfigClusterResolver      : Resolving eureka endpoints via configuration
2022-10-16 14:20:09.021  INFO 5052 --- [AsyncResolver-bootstrap-executor-0] c.n.d.s.r.aws.ConfigClusterResolver      : Resolving eureka endpoints via configuration
2022-10-16 14:25:09.027  INFO 5052 --- [AsyncResolver-bootstrap-executor-0] c.n.d.s.r.aws.ConfigClusterResolver      : Resolving eureka endpoints via configuration
2022-10-16 14:30:09.042  INFO 5052 --- [AsyncResolver-bootstrap-executor-0] c.n.d.s.r.aws.ConfigClusterResolver      : Resolving eureka endpoints via configuration
2022-10-16 14:35:09.055  INFO 5052 --- [AsyncResolver-bootstrap-executor-0] c.n.d.s.r.aws.ConfigClusterResolver      : Resolving eureka endpoints via configuration
2022-10-16 14:40:09.062  INFO 5052 --- [AsyncResolver-bootstrap-executor-0] c.n.d.s.r.aws.ConfigClusterResolver      : Resolving eureka endpoints via configuration
2022-10-16 14:45:09.069  INFO 5052 --- [AsyncResolver-bootstrap-executor-0] c.n.d.s.r.aws.ConfigClusterResolver      : Resolving eureka endpoints via configuration
2022-10-16 14:50:09.081  INFO 5052 --- [AsyncResolver-bootstrap-executor-0] c.n.d.s.r.aws.ConfigClusterResolver      : Resolving eureka endpoints via configuration
2022-10-16 14:55:09.102  INFO 5052 --- [AsyncResolver-bootstrap-executor-0] c.n.d.s.r.aws.ConfigClusterResolver      : Resolving eureka endpoints via configuration
2022-10-16 15:00:09.109  INFO 5052 --- [AsyncResolver-bootstrap-executor-0] c.n.d.s.r.aws.ConfigClusterResolver      : Resolving eureka endpoints via configuration
2022-10-16 15:05:09.123  INFO 5052 --- [AsyncResolver-bootstrap-executor-0] c.n.d.s.r.aws.ConfigClusterResolver      : Resolving eureka endpoints via configuration
2022-10-16 15:10:09.129  INFO 5052 --- [AsyncResolver-bootstrap-executor-0] c.n.d.s.r.aws.ConfigClusterResolver      : Resolving eureka endpoints via configuration
2022-10-16 15:15:09.141  INFO 5052 --- [AsyncResolver-bootstrap-executor-0] c.n.d.s.r.aws.ConfigClusterResolver      : Resolving eureka endpoints via configuration
2022-10-16 15:20:09.145  INFO 5052 --- [AsyncResolver-bootstrap-executor-0] c.n.d.s.r.aws.ConfigClusterResolver      : Resolving eureka endpoints via configuration
2022-10-16 15:25:09.158  INFO 5052 --- [AsyncResolver-bootstrap-executor-0] c.n.d.s.r.aws.ConfigClusterResolver      : Resolving eureka endpoints via configuration
2022-10-16 15:30:09.164  INFO 5052 --- [AsyncResolver-bootstrap-executor-0] c.n.d.s.r.aws.ConfigClusterResolver      : Resolving eureka endpoints via configuration
2022-10-16 15:35:09.174  INFO 5052 --- [AsyncResolver-bootstrap-executor-0] c.n.d.s.r.aws.ConfigClusterResolver      : Resolving eureka endpoints via configuration
2022-10-16 18:28:10.825  INFO 5052 --- [cluster-ClusterId{value='634b8ea2b8d98a20b66302d3', description='null'}-ac-g1o6n6r-shard-00-02.aloxi4w.mongodb.net:27017] org.mongodb.driver.cluster               : Exception in monitor thread while connecting to server ac-g1o6n6r-shard-00-02.aloxi4w.mongodb.net:27017

com.mongodb.MongoSocketReadException: Exception receiving message
	at com.mongodb.internal.connection.InternalStreamConnection.translateReadException(InternalStreamConnection.java:702) ~[mongodb-driver-core-4.6.1.jar:na]
	at com.mongodb.internal.connection.InternalStreamConnection.receiveMessageWithAdditionalTimeout(InternalStreamConnection.java:574) ~[mongodb-driver-core-4.6.1.jar:na]
	at com.mongodb.internal.connection.InternalStreamConnection.receiveCommandMessageResponse(InternalStreamConnection.java:410) ~[mongodb-driver-core-4.6.1.jar:na]
	at com.mongodb.internal.connection.InternalStreamConnection.receive(InternalStreamConnection.java:369) ~[mongodb-driver-core-4.6.1.jar:na]
	at com.mongodb.internal.connection.DefaultServerMonitor$ServerMonitorRunnable.lookupServerDescription(DefaultServerMonitor.java:221) ~[mongodb-driver-core-4.6.1.jar:na]
	at com.mongodb.internal.connection.DefaultServerMonitor$ServerMonitorRunnable.run(DefaultServerMonitor.java:157) ~[mongodb-driver-core-4.6.1.jar:na]
	at java.base/java.lang.Thread.run(Thread.java:832) ~[na:na]
Caused by: java.net.SocketException: Socket is closed
	at java.base/java.net.Socket.setSoTimeout(Socket.java:1234) ~[na:na]
	at java.base/sun.security.ssl.BaseSSLSocketImpl.setSoTimeout(BaseSSLSocketImpl.java:637) ~[na:na]
	at java.base/sun.security.ssl.SSLSocketImpl.setSoTimeout(SSLSocketImpl.java:75) ~[na:na]
	at com.mongodb.internal.connection.SocketStream.read(SocketStream.java:137) ~[mongodb-driver-core-4.6.1.jar:na]
	at com.mongodb.internal.connection.InternalStreamConnection.receiveResponseBuffers(InternalStreamConnection.java:713) ~[mongodb-driver-core-4.6.1.jar:na]
	at com.mongodb.internal.connection.InternalStreamConnection.receiveMessageWithAdditionalTimeout(InternalStreamConnection.java:571) ~[mongodb-driver-core-4.6.1.jar:na]
	... 5 common frames omitted

2022-10-16 18:28:10.826  INFO 5052 --- [cluster-ClusterId{value='634b8ea2b8d98a20b66302d3', description='null'}-ac-g1o6n6r-shard-00-00.aloxi4w.mongodb.net:27017] org.mongodb.driver.cluster               : Exception in monitor thread while connecting to server ac-g1o6n6r-shard-00-00.aloxi4w.mongodb.net:27017

com.mongodb.MongoSocketReadException: Exception receiving message
	at com.mongodb.internal.connection.InternalStreamConnection.translateReadException(InternalStreamConnection.java:702) ~[mongodb-driver-core-4.6.1.jar:na]
	at com.mongodb.internal.connection.InternalStreamConnection.receiveMessageWithAdditionalTimeout(InternalStreamConnection.java:574) ~[mongodb-driver-core-4.6.1.jar:na]
	at com.mongodb.internal.connection.InternalStreamConnection.receiveCommandMessageResponse(InternalStreamConnection.java:410) ~[mongodb-driver-core-4.6.1.jar:na]
	at com.mongodb.internal.connection.InternalStreamConnection.receive(InternalStreamConnection.java:369) ~[mongodb-driver-core-4.6.1.jar:na]
	at com.mongodb.internal.connection.DefaultServerMonitor$ServerMonitorRunnable.lookupServerDescription(DefaultServerMonitor.java:221) ~[mongodb-driver-core-4.6.1.jar:na]
	at com.mongodb.internal.connection.DefaultServerMonitor$ServerMonitorRunnable.run(DefaultServerMonitor.java:157) ~[mongodb-driver-core-4.6.1.jar:na]
	at java.base/java.lang.Thread.run(Thread.java:832) ~[na:na]
Caused by: java.net.SocketException: Socket is closed
	at java.base/java.net.Socket.setSoTimeout(Socket.java:1234) ~[na:na]
	at java.base/sun.security.ssl.BaseSSLSocketImpl.setSoTimeout(BaseSSLSocketImpl.java:637) ~[na:na]
	at java.base/sun.security.ssl.SSLSocketImpl.setSoTimeout(SSLSocketImpl.java:75) ~[na:na]
	at com.mongodb.internal.connection.SocketStream.read(SocketStream.java:137) ~[mongodb-driver-core-4.6.1.jar:na]
	at com.mongodb.internal.connection.InternalStreamConnection.receiveResponseBuffers(InternalStreamConnection.java:713) ~[mongodb-driver-core-4.6.1.jar:na]
	at com.mongodb.internal.connection.InternalStreamConnection.receiveMessageWithAdditionalTimeout(InternalStreamConnection.java:571) ~[mongodb-driver-core-4.6.1.jar:na]
	... 5 common frames omitted

2022-10-16 18:28:10.854  INFO 5052 --- [cluster-ClusterId{value='634b8ea2b8d98a20b66302d3', description='null'}-ac-g1o6n6r-shard-00-01.aloxi4w.mongodb.net:27017] org.mongodb.driver.cluster               : Exception in monitor thread while connecting to server ac-g1o6n6r-shard-00-01.aloxi4w.mongodb.net:27017

com.mongodb.MongoSocketReadException: Exception receiving message
	at com.mongodb.internal.connection.InternalStreamConnection.translateReadException(InternalStreamConnection.java:702) ~[mongodb-driver-core-4.6.1.jar:na]
	at com.mongodb.internal.connection.InternalStreamConnection.receiveMessageWithAdditionalTimeout(InternalStreamConnection.java:574) ~[mongodb-driver-core-4.6.1.jar:na]
	at com.mongodb.internal.connection.InternalStreamConnection.receiveCommandMessageResponse(InternalStreamConnection.java:410) ~[mongodb-driver-core-4.6.1.jar:na]
	at com.mongodb.internal.connection.InternalStreamConnection.receive(InternalStreamConnection.java:369) ~[mongodb-driver-core-4.6.1.jar:na]
	at com.mongodb.internal.connection.DefaultServerMonitor$ServerMonitorRunnable.lookupServerDescription(DefaultServerMonitor.java:221) ~[mongodb-driver-core-4.6.1.jar:na]
	at com.mongodb.internal.connection.DefaultServerMonitor$ServerMonitorRunnable.run(DefaultServerMonitor.java:157) ~[mongodb-driver-core-4.6.1.jar:na]
	at java.base/java.lang.Thread.run(Thread.java:832) ~[na:na]
Caused by: java.net.SocketException: Socket is closed
	at java.base/java.net.Socket.setSoTimeout(Socket.java:1234) ~[na:na]
	at java.base/sun.security.ssl.BaseSSLSocketImpl.setSoTimeout(BaseSSLSocketImpl.java:637) ~[na:na]
	at java.base/sun.security.ssl.SSLSocketImpl.setSoTimeout(SSLSocketImpl.java:75) ~[na:na]
	at com.mongodb.internal.connection.SocketStream.read(SocketStream.java:137) ~[mongodb-driver-core-4.6.1.jar:na]
	at com.mongodb.internal.connection.InternalStreamConnection.receiveResponseBuffers(InternalStreamConnection.java:713) ~[mongodb-driver-core-4.6.1.jar:na]
	at com.mongodb.internal.connection.InternalStreamConnection.receiveMessageWithAdditionalTimeout(InternalStreamConnection.java:571) ~[mongodb-driver-core-4.6.1.jar:na]
	... 5 common frames omitted

2022-10-16 18:28:12.730  INFO 5052 --- [cluster-ClusterId{value='634b8ea2b8d98a20b66302d3', description='null'}-ac-g1o6n6r-shard-00-02.aloxi4w.mongodb.net:27017] org.mongodb.driver.connection            : Opened connection [connectionId{localValue:7, serverValue:28038}] to ac-g1o6n6r-shard-00-02.aloxi4w.mongodb.net:27017
2022-10-16 18:28:12.742  INFO 5052 --- [cluster-ClusterId{value='634b8ea2b8d98a20b66302d3', description='null'}-ac-g1o6n6r-shard-00-02.aloxi4w.mongodb.net:27017] org.mongodb.driver.cluster               : Monitor thread successfully connected to server with description ServerDescription{address=ac-g1o6n6r-shard-00-02.aloxi4w.mongodb.net:27017, type=REPLICA_SET_SECONDARY, state=CONNECTED, ok=true, minWireVersion=0, maxWireVersion=13, maxDocumentSize=16777216, logicalSessionTimeoutMinutes=30, roundTripTimeNanos=424393300, setName='atlas-qmiuy4-shard-0', canonicalAddress=ac-g1o6n6r-shard-00-02.aloxi4w.mongodb.net:27017, hosts=[ac-g1o6n6r-shard-00-01.aloxi4w.mongodb.net:27017, ac-g1o6n6r-shard-00-02.aloxi4w.mongodb.net:27017, ac-g1o6n6r-shard-00-00.aloxi4w.mongodb.net:27017], passives=[], arbiters=[], primary='ac-g1o6n6r-shard-00-01.aloxi4w.mongodb.net:27017', tagSet=TagSet{[Tag{name='nodeType', value='ELECTABLE'}, Tag{name='provider', value='AWS'}, Tag{name='region', value='AP_SOUTH_1'}, Tag{name='workloadType', value='OPERATIONAL'}]}, electionId=null, setVersion=3, topologyVersion=TopologyVersion{processId=634a963d4bfe4c785ff97102, counter=3}, lastWriteDate=Sun Oct 16 18:28:14 IST 2022, lastUpdateTimeNanos=158568977175200}
2022-10-16 18:28:12.816  INFO 5052 --- [cluster-ClusterId{value='634b8ea2b8d98a20b66302d3', description='null'}-ac-g1o6n6r-shard-00-01.aloxi4w.mongodb.net:27017] org.mongodb.driver.connection            : Opened connection [connectionId{localValue:8, serverValue:30322}] to ac-g1o6n6r-shard-00-01.aloxi4w.mongodb.net:27017
2022-10-16 18:28:12.817  INFO 5052 --- [cluster-ClusterId{value='634b8ea2b8d98a20b66302d3', description='null'}-ac-g1o6n6r-shard-00-01.aloxi4w.mongodb.net:27017] org.mongodb.driver.cluster               : Monitor thread successfully connected to server with description ServerDescription{address=ac-g1o6n6r-shard-00-01.aloxi4w.mongodb.net:27017, type=REPLICA_SET_PRIMARY, state=CONNECTED, ok=true, minWireVersion=0, maxWireVersion=13, maxDocumentSize=16777216, logicalSessionTimeoutMinutes=30, roundTripTimeNanos=511973500, setName='atlas-qmiuy4-shard-0', canonicalAddress=ac-g1o6n6r-shard-00-01.aloxi4w.mongodb.net:27017, hosts=[ac-g1o6n6r-shard-00-01.aloxi4w.mongodb.net:27017, ac-g1o6n6r-shard-00-02.aloxi4w.mongodb.net:27017, ac-g1o6n6r-shard-00-00.aloxi4w.mongodb.net:27017], passives=[], arbiters=[], primary='ac-g1o6n6r-shard-00-01.aloxi4w.mongodb.net:27017', tagSet=TagSet{[Tag{name='nodeType', value='ELECTABLE'}, Tag{name='provider', value='AWS'}, Tag{name='region', value='AP_SOUTH_1'}, Tag{name='workloadType', value='OPERATIONAL'}]}, electionId=7fffffff0000000000000075, setVersion=3, topologyVersion=TopologyVersion{processId=634a91c89cef5894233e3b0f, counter=6}, lastWriteDate=Sun Oct 16 18:28:14 IST 2022, lastUpdateTimeNanos=158569064755100}
2022-10-16 18:28:12.817  INFO 5052 --- [cluster-ClusterId{value='634b8ea2b8d98a20b66302d3', description='null'}-ac-g1o6n6r-shard-00-01.aloxi4w.mongodb.net:27017] org.mongodb.driver.cluster               : Discovered replica set primary ac-g1o6n6r-shard-00-01.aloxi4w.mongodb.net:27017
2022-10-16 18:28:12.840  INFO 5052 --- [cluster-ClusterId{value='634b8ea2b8d98a20b66302d3', description='null'}-ac-g1o6n6r-shard-00-00.aloxi4w.mongodb.net:27017] org.mongodb.driver.connection            : Opened connection [connectionId{localValue:9, serverValue:28603}] to ac-g1o6n6r-shard-00-00.aloxi4w.mongodb.net:27017
2022-10-16 18:28:12.840  INFO 5052 --- [cluster-ClusterId{value='634b8ea2b8d98a20b66302d3', description='null'}-ac-g1o6n6r-shard-00-00.aloxi4w.mongodb.net:27017] org.mongodb.driver.cluster               : Monitor thread successfully connected to server with description ServerDescription{address=ac-g1o6n6r-shard-00-00.aloxi4w.mongodb.net:27017, type=REPLICA_SET_SECONDARY, state=CONNECTED, ok=true, minWireVersion=0, maxWireVersion=13, maxDocumentSize=16777216, logicalSessionTimeoutMinutes=30, roundTripTimeNanos=535502400, setName='atlas-qmiuy4-shard-0', canonicalAddress=ac-g1o6n6r-shard-00-00.aloxi4w.mongodb.net:27017, hosts=[ac-g1o6n6r-shard-00-01.aloxi4w.mongodb.net:27017, ac-g1o6n6r-shard-00-02.aloxi4w.mongodb.net:27017, ac-g1o6n6r-shard-00-00.aloxi4w.mongodb.net:27017], passives=[], arbiters=[], primary='ac-g1o6n6r-shard-00-01.aloxi4w.mongodb.net:27017', tagSet=TagSet{[Tag{name='nodeType', value='ELECTABLE'}, Tag{name='provider', value='AWS'}, Tag{name='region', value='AP_SOUTH_1'}, Tag{name='workloadType', value='OPERATIONAL'}]}, electionId=null, setVersion=3, topologyVersion=TopologyVersion{processId=634a909592bd6c6fef6bf6c8, counter=4}, lastWriteDate=Sun Oct 16 18:28:14 IST 2022, lastUpdateTimeNanos=158569088284000}
2022-10-16 18:28:23.029  INFO 5052 --- [cluster-rtt-ClusterId{value='634b8ea2b8d98a20b66302d3', description='null'}-ac-g1o6n6r-shard-00-00.aloxi4w.mongodb.net:27017] org.mongodb.driver.connection            : Opened connection [connectionId{localValue:10, serverValue:28598}] to ac-g1o6n6r-shard-00-00.aloxi4w.mongodb.net:27017
2022-10-16 18:28:23.286  INFO 5052 --- [cluster-rtt-ClusterId{value='634b8ea2b8d98a20b66302d3', description='null'}-ac-g1o6n6r-shard-00-02.aloxi4w.mongodb.net:27017] org.mongodb.driver.connection            : Opened connection [connectionId{localValue:11, serverValue:28028}] to ac-g1o6n6r-shard-00-02.aloxi4w.mongodb.net:27017
2022-10-16 18:28:24.449  INFO 5052 --- [cluster-rtt-ClusterId{value='634b8ea2b8d98a20b66302d3', description='null'}-ac-g1o6n6r-shard-00-01.aloxi4w.mongodb.net:27017] org.mongodb.driver.connection            : Opened connection [connectionId{localValue:12, serverValue:29998}] to ac-g1o6n6r-shard-00-01.aloxi4w.mongodb.net:27017
2022-10-16 18:33:04.249  INFO 5052 --- [AsyncResolver-bootstrap-executor-0] c.n.d.s.r.aws.ConfigClusterResolver      : Resolving eureka endpoints via configuration
2022-10-16 18:38:04.261  INFO 5052 --- [AsyncResolver-bootstrap-executor-0] c.n.d.s.r.aws.ConfigClusterResolver      : Resolving eureka endpoints via configuration
2022-10-16 18:41:29.217  INFO 5052 --- [SpringApplicationShutdownHook] o.s.c.n.e.s.EurekaServiceRegistry        : Unregistering application TRAIN-MANAGEMENT-SERVICE with eureka with status DOWN
2022-10-16 18:41:29.219  INFO 5052 --- [SpringApplicationShutdownHook] com.netflix.discovery.DiscoveryClient    : Saw local status change event StatusChangeEvent [timestamp=1665925889219, current=DOWN, previous=UP]
2022-10-16 18:41:29.223  INFO 5052 --- [DiscoveryClient-InstanceInfoReplicator-0] com.netflix.discovery.DiscoveryClient    : DiscoveryClient_TRAIN-MANAGEMENT-SERVICE/DESKTOP-4DGDQVK:Train-management-service:8060: registering service...
2022-10-16 18:41:29.628  INFO 5052 --- [DiscoveryClient-InstanceInfoReplicator-0] com.netflix.discovery.DiscoveryClient    : DiscoveryClient_TRAIN-MANAGEMENT-SERVICE/DESKTOP-4DGDQVK:Train-management-service:8060 - registration status: 204
2022-10-16 18:41:29.966  INFO 5052 --- [SpringApplicationShutdownHook] com.netflix.discovery.DiscoveryClient    : Shutting down DiscoveryClient ...
2022-10-16 18:41:33.000  INFO 5052 --- [SpringApplicationShutdownHook] com.netflix.discovery.DiscoveryClient    : Unregistering ...
2022-10-16 18:41:33.276  INFO 5052 --- [SpringApplicationShutdownHook] com.netflix.discovery.DiscoveryClient    : DiscoveryClient_TRAIN-MANAGEMENT-SERVICE/DESKTOP-4DGDQVK:Train-management-service:8060 - deregister  status: 200
2022-10-16 18:41:33.307  INFO 5052 --- [SpringApplicationShutdownHook] com.netflix.discovery.DiscoveryClient    : Completed shut down of DiscoveryClient
